<?xml version="1.0" encoding="UTF-8"?>
<testsuite xmlns:xsi="http://www.w3.org/2001/XMLSchema-instance" xsi:noNamespaceSchemaLocation="https://maven.apache.org/surefire/maven-surefire-plugin/xsd/surefire-test-report.xsd" name="com.memorynotfound.kafka.SpringKafkaSenderTest" time="32.794" tests="1" errors="0" skipped="0" failures="1">
  <properties>
[...]
</properties>
  <testcase name="testSend" classname="com.memorynotfound.kafka.SpringKafkaSenderTest" time="7.153">
    <failure message="&#10;Expected: a ConsumerRecord with value Hello Spring Kafka Sender!&#10;     but: is null" type="java.lang.AssertionError">java.lang.AssertionError: 

Expected: a ConsumerRecord with value Hello Spring Kafka Sender!
     but: is null
	at com.memorynotfound.kafka.SpringKafkaSenderTest.testSend(SpringKafkaSenderTest.java:100)
</failure>
    <system-out><![CDATA[18:22:31.695 [main] DEBUG org.springframework.test.context.junit4.SpringJUnit4ClassRunner - SpringJUnit4ClassRunner constructor called with [class com.memorynotfound.kafka.SpringKafkaSenderTest]
18:22:31.707 [main] DEBUG org.springframework.test.context.BootstrapUtils - Instantiating CacheAwareContextLoaderDelegate from class [org.springframework.test.context.cache.DefaultCacheAwareContextLoaderDelegate]
18:22:31.718 [main] DEBUG org.springframework.test.context.BootstrapUtils - Instantiating BootstrapContext using constructor [public org.springframework.test.context.support.DefaultBootstrapContext(java.lang.Class,org.springframework.test.context.CacheAwareContextLoaderDelegate)]
18:22:31.736 [main] DEBUG org.springframework.test.context.BootstrapUtils - Instantiating TestContextBootstrapper for test class [com.memorynotfound.kafka.SpringKafkaSenderTest] from class [org.springframework.boot.test.context.SpringBootTestContextBootstrapper]
18:22:31.755 [main] INFO org.springframework.boot.test.context.SpringBootTestContextBootstrapper - Neither @ContextConfiguration nor @ContextHierarchy found for test class [com.memorynotfound.kafka.SpringKafkaSenderTest], using SpringBootContextLoader
18:22:31.760 [main] DEBUG org.springframework.test.context.support.AbstractContextLoader - Did not detect default resource location for test class [com.memorynotfound.kafka.SpringKafkaSenderTest]: class path resource [com/memorynotfound/kafka/SpringKafkaSenderTest-context.xml] does not exist
18:22:31.760 [main] DEBUG org.springframework.test.context.support.AbstractContextLoader - Did not detect default resource location for test class [com.memorynotfound.kafka.SpringKafkaSenderTest]: class path resource [com/memorynotfound/kafka/SpringKafkaSenderTestContext.groovy] does not exist
18:22:31.762 [main] INFO org.springframework.test.context.support.AbstractContextLoader - Could not detect default resource locations for test class [com.memorynotfound.kafka.SpringKafkaSenderTest]: no resource found for suffixes {-context.xml, Context.groovy}.
18:22:31.765 [main] INFO org.springframework.test.context.support.AnnotationConfigContextLoaderUtils - Could not detect default configuration classes for test class [com.memorynotfound.kafka.SpringKafkaSenderTest]: SpringKafkaSenderTest does not declare any static, non-private, non-final, nested classes annotated with @Configuration.
18:22:31.842 [main] DEBUG org.springframework.test.context.support.ActiveProfilesUtils - Could not find an 'annotation declaring class' for annotation type [org.springframework.test.context.ActiveProfiles] and class [com.memorynotfound.kafka.SpringKafkaSenderTest]
18:22:31.859 [main] DEBUG org.springframework.core.env.StandardEnvironment - Adding PropertySource 'systemProperties' with lowest search precedence
18:22:31.859 [main] DEBUG org.springframework.core.env.StandardEnvironment - Adding PropertySource 'systemEnvironment' with lowest search precedence
18:22:31.859 [main] DEBUG org.springframework.core.env.StandardEnvironment - Initialized StandardEnvironment with PropertySources [MapPropertySource@20958640 {name='systemProperties', properties={java.runtime.name=Java(TM) SE Runtime Environment, sun.boot.library.path=C:\Program Files (x86)\Java\jdk1.8.0_181\jre\bin, java.vm.version=25.181-b13, java.vm.vendor=Oracle Corporation, java.vendor.url=http://java.oracle.com/, path.separator=;, java.vm.name=Java HotSpot(TM) Client VM, file.encoding.pkg=sun.io, user.country=GB, user.script=, sun.java.launcher=SUN_STANDARD, sun.os.patch.level=, java.vm.specification.name=Java Virtual Machine Specification, user.dir=C:\Firebase\spring-kafka-producer-consumer-example\producer-consumer, java.runtime.version=1.8.0_181-b13, basedir=C:\Firebase\spring-kafka-producer-consumer-example\producer-consumer, java.awt.graphicsenv=sun.awt.Win32GraphicsEnvironment, java.endorsed.dirs=C:\Program Files (x86)\Java\jdk1.8.0_181\jre\lib\endorsed, os.arch=x86, surefire.real.class.path=C:\Users\ashru\AppData\Local\Temp\surefire8504665249565219306\surefirebooter2514368698823662589.jar, java.io.tmpdir=C:\Users\ashru\AppData\Local\Temp\, line.separator=
, java.vm.specification.vendor=Oracle Corporation, user.variant=, os.name=Windows 10, sun.jnu.encoding=Cp1252, java.library.path=C:\Program Files (x86)\Java\jdk1.8.0_181\jre\bin;C:\WINDOWS\Sun\Java\bin;C:\WINDOWS\system32;C:\WINDOWS;C:\Program Files (x86)\Common Files\Oracle\Java\javapath;C:\ProgramData\Oracle\Java\javapath;C:\PROGRAM FILES (X86)\LENOVO\FUSIONENGINE;C:\WINDOWS\SYSTEM32;C:\WINDOWS;C:\WINDOWS\SYSTEM32\WBEM;C:\WINDOWS\SYSTEM32\WINDOWSPOWERSHELL\V1.0\;C:\PROGRAM FILES (X86)\COMMON FILES\LENOVO\EASYPLUSSDK\BIN;C:\Program Files\Lenovo\Bluetooth Software\;C:\Program Files\Lenovo\Bluetooth Software\syswow64;C:\Program Files (x86)\Java\jdk1.8.0_181\bin;C:\WINDOWS\system32;C:\WINDOWS;C:\WINDOWS\System32\Wbem;C:\WINDOWS\System32\WindowsPowerShell\v1.0\;C:\apache-maven-3.5.0\bin;C:\apache-maven-3.5.0\bin;C:\spring-1.5.6.RELEASE\bin;C:\apache-tomcat-8.5.20\bin;C:\WINDOWS\System32\OpenSSH\;C:\Softwares\nodejs;C:\Python\Python37;C:\Program Files\Cloud Foundry;C:\Program Files\Git\cmd;C:\Program Files\PuTTY\;C:\Program Files\dotnet\;C:\Softwares\codes\MobileOnboarding-61c63b06c16b.json;C:\Users\ashru\AppData\Local\Microsoft\WindowsApps;C:\gradle-4.0\bin;C:\Program Files\Docker Toolbox;C:\Users\ashru\AppData\Local\Google\Cloud SDK\google-cloud-sdk\bin;C:\Users\ashru\AppData\Local\Programs\Microsoft VS Code\bin;., surefire.test.class.path=C:\Firebase\spring-kafka-producer-consumer-example\producer-consumer\target\test-classes;C:\Firebase\spring-kafka-producer-consumer-example\producer-consumer\target\classes;C:\Users\ashru\.m2\repository\org\springframework\boot\spring-boot-starter\2.0.0.RELEASE\spring-boot-starter-2.0.0.RELEASE.jar;C:\Users\ashru\.m2\repository\org\springframework\boot\spring-boot\2.0.0.RELEASE\spring-boot-2.0.0.RELEASE.jar;C:\Users\ashru\.m2\repository\org\springframework\boot\spring-boot-autoconfigure\2.0.0.RELEASE\spring-boot-autoconfigure-2.0.0.RELEASE.jar;C:\Users\ashru\.m2\repository\org\springframework\boot\spring-boot-starter-logging\2.0.0.RELEASE\spring-boot-starter-logging-2.0.0.RELEASE.jar;C:\Users\ashru\.m2\repository\ch\qos\logback\logback-classic\1.2.3\logback-classic-1.2.3.jar;C:\Users\ashru\.m2\repository\ch\qos\logback\logback-core\1.2.3\logback-core-1.2.3.jar;C:\Users\ashru\.m2\repository\org\apache\logging\log4j\log4j-to-slf4j\2.10.0\log4j-to-slf4j-2.10.0.jar;C:\Users\ashru\.m2\repository\org\apache\logging\log4j\log4j-api\2.10.0\log4j-api-2.10.0.jar;C:\Users\ashru\.m2\repository\org\slf4j\jul-to-slf4j\1.7.25\jul-to-slf4j-1.7.25.jar;C:\Users\ashru\.m2\repository\javax\annotation\javax.annotation-api\1.3.2\javax.annotation-api-1.3.2.jar;C:\Users\ashru\.m2\repository\org\springframework\spring-core\5.0.4.RELEASE\spring-core-5.0.4.RELEASE.jar;C:\Users\ashru\.m2\repository\org\springframework\spring-jcl\5.0.4.RELEASE\spring-jcl-5.0.4.RELEASE.jar;C:\Users\ashru\.m2\repository\org\yaml\snakeyaml\1.19\snakeyaml-1.19.jar;C:\Users\ashru\.m2\repository\org\springframework\kafka\spring-kafka\2.1.4.RELEASE\spring-kafka-2.1.4.RELEASE.jar;C:\Users\ashru\.m2\repository\org\springframework\spring-context\5.0.4.RELEASE\spring-context-5.0.4.RELEASE.jar;C:\Users\ashru\.m2\repository\org\springframework\spring-aop\5.0.4.RELEASE\spring-aop-5.0.4.RELEASE.jar;C:\Users\ashru\.m2\repository\org\springframework\spring-beans\5.0.4.RELEASE\spring-beans-5.0.4.RELEASE.jar;C:\Users\ashru\.m2\repository\org\springframework\spring-expression\5.0.4.RELEASE\spring-expression-5.0.4.RELEASE.jar;C:\Users\ashru\.m2\repository\org\springframework\spring-messaging\5.0.4.RELEASE\spring-messaging-5.0.4.RELEASE.jar;C:\Users\ashru\.m2\repository\org\springframework\spring-tx\5.0.4.RELEASE\spring-tx-5.0.4.RELEASE.jar;C:\Users\ashru\.m2\repository\org\springframework\retry\spring-retry\1.2.2.RELEASE\spring-retry-1.2.2.RELEASE.jar;C:\Users\ashru\.m2\repository\org\apache\kafka\kafka-clients\1.0.0\kafka-clients-1.0.0.jar;C:\Users\ashru\.m2\repository\org\lz4\lz4-java\1.4\lz4-java-1.4.jar;C:\Users\ashru\.m2\repository\org\xerial\snappy\snappy-java\1.1.4\snappy-java-1.1.4.jar;C:\Users\ashru\.m2\repository\org\springframework\boot\spring-boot-starter-test\2.0.0.RELEASE\spring-boot-starter-test-2.0.0.RELEASE.jar;C:\Users\ashru\.m2\repository\org\springframework\boot\spring-boot-test\2.0.0.RELEASE\spring-boot-test-2.0.0.RELEASE.jar;C:\Users\ashru\.m2\repository\org\springframework\boot\spring-boot-test-autoconfigure\2.0.0.RELEASE\spring-boot-test-autoconfigure-2.0.0.RELEASE.jar;C:\Users\ashru\.m2\repository\com\jayway\jsonpath\json-path\2.4.0\json-path-2.4.0.jar;C:\Users\ashru\.m2\repository\net\minidev\json-smart\2.3\json-smart-2.3.jar;C:\Users\ashru\.m2\repository\net\minidev\accessors-smart\1.2\accessors-smart-1.2.jar;C:\Users\ashru\.m2\repository\org\ow2\asm\asm\5.0.4\asm-5.0.4.jar;C:\Users\ashru\.m2\repository\org\slf4j\slf4j-api\1.7.25\slf4j-api-1.7.25.jar;C:\Users\ashru\.m2\repository\junit\junit\4.12\junit-4.12.jar;C:\Users\ashru\.m2\repository\org\assertj\assertj-core\3.9.1\assertj-core-3.9.1.jar;C:\Users\ashru\.m2\repository\org\mockito\mockito-core\2.15.0\mockito-core-2.15.0.jar;C:\Users\ashru\.m2\repository\net\bytebuddy\byte-buddy\1.7.10\byte-buddy-1.7.10.jar;C:\Users\ashru\.m2\repository\net\bytebuddy\byte-buddy-agent\1.7.10\byte-buddy-agent-1.7.10.jar;C:\Users\ashru\.m2\repository\org\objenesis\objenesis\2.6\objenesis-2.6.jar;C:\Users\ashru\.m2\repository\org\hamcrest\hamcrest-core\1.3\hamcrest-core-1.3.jar;C:\Users\ashru\.m2\repository\org\hamcrest\hamcrest-library\1.3\hamcrest-library-1.3.jar;C:\Users\ashru\.m2\repository\org\skyscreamer\jsonassert\1.5.0\jsonassert-1.5.0.jar;C:\Users\ashru\.m2\repository\com\vaadin\external\google\android-json\0.0.20131108.vaadin1\android-json-0.0.20131108.vaadin1.jar;C:\Users\ashru\.m2\repository\org\springframework\spring-test\5.0.4.RELEASE\spring-test-5.0.4.RELEASE.jar;C:\Users\ashru\.m2\repository\org\xmlunit\xmlunit-core\2.5.1\xmlunit-core-2.5.1.jar;C:\Users\ashru\.m2\repository\org\springframework\kafka\spring-kafka-test\2.1.4.RELEASE\spring-kafka-test-2.1.4.RELEASE.jar;C:\Users\ashru\.m2\repository\org\apache\kafka\kafka-clients\1.0.0\kafka-clients-1.0.0-test.jar;C:\Users\ashru\.m2\repository\org\apache\kafka\kafka_2.11\1.0.0\kafka_2.11-1.0.0.jar;C:\Users\ashru\.m2\repository\com\fasterxml\jackson\core\jackson-databind\2.9.4\jackson-databind-2.9.4.jar;C:\Users\ashru\.m2\repository\com\fasterxml\jackson\core\jackson-annotations\2.9.0\jackson-annotations-2.9.0.jar;C:\Users\ashru\.m2\repository\com\fasterxml\jackson\core\jackson-core\2.9.4\jackson-core-2.9.4.jar;C:\Users\ashru\.m2\repository\net\sf\jopt-simple\jopt-simple\5.0.4\jopt-simple-5.0.4.jar;C:\Users\ashru\.m2\repository\com\yammer\metrics\metrics-core\2.2.0\metrics-core-2.2.0.jar;C:\Users\ashru\.m2\repository\org\scala-lang\scala-library\2.11.11\scala-library-2.11.11.jar;C:\Users\ashru\.m2\repository\com\101tec\zkclient\0.10\zkclient-0.10.jar;C:\Users\ashru\.m2\repository\org\apache\zookeeper\zookeeper\3.4.10\zookeeper-3.4.10.jar;C:\Users\ashru\.m2\repository\log4j\log4j\1.2.16\log4j-1.2.16.jar;C:\Users\ashru\.m2\repository\org\apache\kafka\kafka_2.11\1.0.0\kafka_2.11-1.0.0-test.jar;, java.specification.name=Java Platform API Specification, java.class.version=52.0, sun.management.compiler=HotSpot Client Compiler, os.version=10.0, user.home=C:\Users\ashru, user.timezone=Asia/Muscat, java.awt.printerjob=sun.awt.windows.WPrinterJob, file.encoding=Cp1252, java.specification.version=1.8, java.class.path=C:\Firebase\spring-kafka-producer-consumer-example\producer-consumer\target\test-classes;C:\Firebase\spring-kafka-producer-consumer-example\producer-consumer\target\classes;C:\Users\ashru\.m2\repository\org\springframework\boot\spring-boot-starter\2.0.0.RELEASE\spring-boot-starter-2.0.0.RELEASE.jar;C:\Users\ashru\.m2\repository\org\springframework\boot\spring-boot\2.0.0.RELEASE\spring-boot-2.0.0.RELEASE.jar;C:\Users\ashru\.m2\repository\org\springframework\boot\spring-boot-autoconfigure\2.0.0.RELEASE\spring-boot-autoconfigure-2.0.0.RELEASE.jar;C:\Users\ashru\.m2\repository\org\springframework\boot\spring-boot-starter-logging\2.0.0.RELEASE\spring-boot-starter-logging-2.0.0.RELEASE.jar;C:\Users\ashru\.m2\repository\ch\qos\logback\logback-classic\1.2.3\logback-classic-1.2.3.jar;C:\Users\ashru\.m2\repository\ch\qos\logback\logback-core\1.2.3\logback-core-1.2.3.jar;C:\Users\ashru\.m2\repository\org\apache\logging\log4j\log4j-to-slf4j\2.10.0\log4j-to-slf4j-2.10.0.jar;C:\Users\ashru\.m2\repository\org\apache\logging\log4j\log4j-api\2.10.0\log4j-api-2.10.0.jar;C:\Users\ashru\.m2\repository\org\slf4j\jul-to-slf4j\1.7.25\jul-to-slf4j-1.7.25.jar;C:\Users\ashru\.m2\repository\javax\annotation\javax.annotation-api\1.3.2\javax.annotation-api-1.3.2.jar;C:\Users\ashru\.m2\repository\org\springframework\spring-core\5.0.4.RELEASE\spring-core-5.0.4.RELEASE.jar;C:\Users\ashru\.m2\repository\org\springframework\spring-jcl\5.0.4.RELEASE\spring-jcl-5.0.4.RELEASE.jar;C:\Users\ashru\.m2\repository\org\yaml\snakeyaml\1.19\snakeyaml-1.19.jar;C:\Users\ashru\.m2\repository\org\springframework\kafka\spring-kafka\2.1.4.RELEASE\spring-kafka-2.1.4.RELEASE.jar;C:\Users\ashru\.m2\repository\org\springframework\spring-context\5.0.4.RELEASE\spring-context-5.0.4.RELEASE.jar;C:\Users\ashru\.m2\repository\org\springframework\spring-aop\5.0.4.RELEASE\spring-aop-5.0.4.RELEASE.jar;C:\Users\ashru\.m2\repository\org\springframework\spring-beans\5.0.4.RELEASE\spring-beans-5.0.4.RELEASE.jar;C:\Users\ashru\.m2\repository\org\springframework\spring-expression\5.0.4.RELEASE\spring-expression-5.0.4.RELEASE.jar;C:\Users\ashru\.m2\repository\org\springframework\spring-messaging\5.0.4.RELEASE\spring-messaging-5.0.4.RELEASE.jar;C:\Users\ashru\.m2\repository\org\springframework\spring-tx\5.0.4.RELEASE\spring-tx-5.0.4.RELEASE.jar;C:\Users\ashru\.m2\repository\org\springframework\retry\spring-retry\1.2.2.RELEASE\spring-retry-1.2.2.RELEASE.jar;C:\Users\ashru\.m2\repository\org\apache\kafka\kafka-clients\1.0.0\kafka-clients-1.0.0.jar;C:\Users\ashru\.m2\repository\org\lz4\lz4-java\1.4\lz4-java-1.4.jar;C:\Users\ashru\.m2\repository\org\xerial\snappy\snappy-java\1.1.4\snappy-java-1.1.4.jar;C:\Users\ashru\.m2\repository\org\springframework\boot\spring-boot-starter-test\2.0.0.RELEASE\spring-boot-starter-test-2.0.0.RELEASE.jar;C:\Users\ashru\.m2\repository\org\springframework\boot\spring-boot-test\2.0.0.RELEASE\spring-boot-test-2.0.0.RELEASE.jar;C:\Users\ashru\.m2\repository\org\springframework\boot\spring-boot-test-autoconfigure\2.0.0.RELEASE\spring-boot-test-autoconfigure-2.0.0.RELEASE.jar;C:\Users\ashru\.m2\repository\com\jayway\jsonpath\json-path\2.4.0\json-path-2.4.0.jar;C:\Users\ashru\.m2\repository\net\minidev\json-smart\2.3\json-smart-2.3.jar;C:\Users\ashru\.m2\repository\net\minidev\accessors-smart\1.2\accessors-smart-1.2.jar;C:\Users\ashru\.m2\repository\org\ow2\asm\asm\5.0.4\asm-5.0.4.jar;C:\Users\ashru\.m2\repository\org\slf4j\slf4j-api\1.7.25\slf4j-api-1.7.25.jar;C:\Users\ashru\.m2\repository\junit\junit\4.12\junit-4.12.jar;C:\Users\ashru\.m2\repository\org\assertj\assertj-core\3.9.1\assertj-core-3.9.1.jar;C:\Users\ashru\.m2\repository\org\mockito\mockito-core\2.15.0\mockito-core-2.15.0.jar;C:\Users\ashru\.m2\repository\net\bytebuddy\byte-buddy\1.7.10\byte-buddy-1.7.10.jar;C:\Users\ashru\.m2\repository\net\bytebuddy\byte-buddy-agent\1.7.10\byte-buddy-agent-1.7.10.jar;C:\Users\ashru\.m2\repository\org\objenesis\objenesis\2.6\objenesis-2.6.jar;C:\Users\ashru\.m2\repository\org\hamcrest\hamcrest-core\1.3\hamcrest-core-1.3.jar;C:\Users\ashru\.m2\repository\org\hamcrest\hamcrest-library\1.3\hamcrest-library-1.3.jar;C:\Users\ashru\.m2\repository\org\skyscreamer\jsonassert\1.5.0\jsonassert-1.5.0.jar;C:\Users\ashru\.m2\repository\com\vaadin\external\google\android-json\0.0.20131108.vaadin1\android-json-0.0.20131108.vaadin1.jar;C:\Users\ashru\.m2\repository\org\springframework\spring-test\5.0.4.RELEASE\spring-test-5.0.4.RELEASE.jar;C:\Users\ashru\.m2\repository\org\xmlunit\xmlunit-core\2.5.1\xmlunit-core-2.5.1.jar;C:\Users\ashru\.m2\repository\org\springframework\kafka\spring-kafka-test\2.1.4.RELEASE\spring-kafka-test-2.1.4.RELEASE.jar;C:\Users\ashru\.m2\repository\org\apache\kafka\kafka-clients\1.0.0\kafka-clients-1.0.0-test.jar;C:\Users\ashru\.m2\repository\org\apache\kafka\kafka_2.11\1.0.0\kafka_2.11-1.0.0.jar;C:\Users\ashru\.m2\repository\com\fasterxml\jackson\core\jackson-databind\2.9.4\jackson-databind-2.9.4.jar;C:\Users\ashru\.m2\repository\com\fasterxml\jackson\core\jackson-annotations\2.9.0\jackson-annotations-2.9.0.jar;C:\Users\ashru\.m2\repository\com\fasterxml\jackson\core\jackson-core\2.9.4\jackson-core-2.9.4.jar;C:\Users\ashru\.m2\repository\net\sf\jopt-simple\jopt-simple\5.0.4\jopt-simple-5.0.4.jar;C:\Users\ashru\.m2\repository\com\yammer\metrics\metrics-core\2.2.0\metrics-core-2.2.0.jar;C:\Users\ashru\.m2\repository\org\scala-lang\scala-library\2.11.11\scala-library-2.11.11.jar;C:\Users\ashru\.m2\repository\com\101tec\zkclient\0.10\zkclient-0.10.jar;C:\Users\ashru\.m2\repository\org\apache\zookeeper\zookeeper\3.4.10\zookeeper-3.4.10.jar;C:\Users\ashru\.m2\repository\log4j\log4j\1.2.16\log4j-1.2.16.jar;C:\Users\ashru\.m2\repository\org\apache\kafka\kafka_2.11\1.0.0\kafka_2.11-1.0.0-test.jar;, user.name=ashru, java.vm.specification.version=1.8, sun.java.command=C:\Users\ashru\AppData\Local\Temp\surefire8504665249565219306\surefirebooter2514368698823662589.jar C:\Users\ashru\AppData\Local\Temp\surefire8504665249565219306 2018-10-09T18-22-30_501-jvmRun1 surefire6096623395111276452tmp surefire_03957771889454204232tmp, java.home=C:\Program Files (x86)\Java\jdk1.8.0_181\jre, sun.arch.data.model=32, user.language=en, java.specification.vendor=Oracle Corporation, awt.toolkit=sun.awt.windows.WToolkit, java.vm.info=mixed mode, sharing, java.version=1.8.0_181, java.ext.dirs=C:\Program Files (x86)\Java\jdk1.8.0_181\jre\lib\ext;C:\WINDOWS\Sun\Java\lib\ext, sun.boot.class.path=C:\Program Files (x86)\Java\jdk1.8.0_181\jre\lib\resources.jar;C:\Program Files (x86)\Java\jdk1.8.0_181\jre\lib\rt.jar;C:\Program Files (x86)\Java\jdk1.8.0_181\jre\lib\sunrsasign.jar;C:\Program Files (x86)\Java\jdk1.8.0_181\jre\lib\jsse.jar;C:\Program Files (x86)\Java\jdk1.8.0_181\jre\lib\jce.jar;C:\Program Files (x86)\Java\jdk1.8.0_181\jre\lib\charsets.jar;C:\Program Files (x86)\Java\jdk1.8.0_181\jre\lib\jfr.jar;C:\Program Files (x86)\Java\jdk1.8.0_181\jre\classes, java.vendor=Oracle Corporation, localRepository=C:\Users\ashru\.m2\repository, file.separator=\, java.vendor.url.bug=http://bugreport.sun.com/bugreport/, sun.io.unicode.encoding=UnicodeLittle, sun.cpu.endian=little, sun.desktop=windows, sun.cpu.isalist=pentium_pro+mmx pentium_pro pentium+mmx pentium i486 i386 i86}}, SystemEnvironmentPropertySource@1132496 {name='systemEnvironment', properties={PATH=C:\Program Files (x86)\Common Files\Oracle\Java\javapath;C:\ProgramData\Oracle\Java\javapath;C:\PROGRAM FILES (X86)\LENOVO\FUSIONENGINE;C:\WINDOWS\SYSTEM32;C:\WINDOWS;C:\WINDOWS\SYSTEM32\WBEM;C:\WINDOWS\SYSTEM32\WINDOWSPOWERSHELL\V1.0\;C:\PROGRAM FILES (X86)\COMMON FILES\LENOVO\EASYPLUSSDK\BIN;C:\Program Files\Lenovo\Bluetooth Software\;C:\Program Files\Lenovo\Bluetooth Software\syswow64;C:\Program Files (x86)\Java\jdk1.8.0_181\bin;C:\WINDOWS\system32;C:\WINDOWS;C:\WINDOWS\System32\Wbem;C:\WINDOWS\System32\WindowsPowerShell\v1.0\;C:\apache-maven-3.5.0\bin;C:\apache-maven-3.5.0\bin;C:\spring-1.5.6.RELEASE\bin;C:\apache-tomcat-8.5.20\bin;C:\WINDOWS\System32\OpenSSH\;C:\Softwares\nodejs;C:\Python\Python37;C:\Program Files\Cloud Foundry;C:\Program Files\Git\cmd;C:\Program Files\PuTTY\;C:\Program Files\dotnet\;C:\Softwares\codes\MobileOnboarding-61c63b06c16b.json;C:\Users\ashru\AppData\Local\Microsoft\WindowsApps;C:\gradle-4.0\bin;C:\Program Files\Docker Toolbox;C:\Users\ashru\AppData\Local\Google\Cloud SDK\google-cloud-sdk\bin;C:\Users\ashru\AppData\Local\Programs\Microsoft VS Code\bin, USERDOMAIN_ROAMINGPROFILE=ASHRUJITPC, NO_PROXY=192.168.99.100, PROCESSOR_LEVEL=6, SYSTEMDRIVE=C:, SESSIONNAME=Console, ALLUSERSPROFILE=C:\ProgramData, PROCESSOR_ARCHITECTURE=x86, DRIVERDATA=C:\Windows\System32\Drivers\DriverData, MAVEN_HOME=C:\apache-maven-3.5.0\bin\.., PROGRAMFILES=C:\Program Files (x86), TVT=C:\Program Files (x86)\Lenovo, PSMODULEPATH=;C:\Users\ashru\AppData\Local\Google\Cloud SDK\google-cloud-sdk\platform\PowerShell, PROGRAMDATA=C:\ProgramData, USERNAME=ashru, WDIR=C:\, FPS_BROWSER_USER_PROFILE_STRING=Default, ONEDRIVE=C:\Users\ashru\OneDrive, CONFIGSETROOT=C:\WINDOWS\ConfigSetRoot, PATHEXT=.COM;.EXE;.BAT;.CMD;.VBS;.VBE;.JS;.JSE;.WSF;.WSH;.MSC, COMPOSE_CONVERT_WINDOWS_PATHS=true, PROCESSOR_ARCHITEW6432=AMD64, CLASSWORLDS_JAR="C:\apache-maven-3.5.0\bin\..\boot\plexus-classworlds-2.5.2.jar", WINDIR=C:\WINDOWS, HOMEPATH=\Users\ashru, SPRING_HOME=C:\spring-1.5.6.RELEASE, PROCESSOR_IDENTIFIER=Intel64 Family 6 Model 61 Stepping 4, GenuineIntel, M2_HOME=C:\apache-maven-3.5.0, PUBLIC=C:\Users\Public, =::=::\, =EXITCODE=00000001, LOCALAPPDATA=C:\Users\ashru\AppData\Local, COMMONPROGRAMFILES(X86)=C:\Program Files (x86)\Common Files, DOCKER_HOST=tcp://192.168.99.100:2376, USERDOMAIN=ASHRUJITPC, FPS_BROWSER_APP_PROFILE_STRING=Internet Explorer, LOGONSERVER=\\ASHRUJITPC, JAVA_HOME=C:\Program Files (x86)\Java\jdk1.8.0_181, PROMPT=$P$G, PROGRAMFILES(X86)=C:\Program Files (x86), GOOGLE_APPLICATION_CREDENTIALS=C:\Softwares\codes\MobileOnboarding-61c63b06c16b.json, ERROR_CODE=0, EXEC_DIR=C:\Firebase\spring-kafka-producer-consumer-example\producer-consumer, =C:=C:\Firebase\spring-kafka-producer-consumer-example\producer-consumer, APPDATA=C:\Users\ashru\AppData\Roaming, DOCKER_MACHINE_NAME=default, DOCKER_CERT_PATH=C:\Users\ashru\.docker\machine\machines\default, PROGRAMW6432=C:\Program Files, NODEJS=C:\Softwares\nodejs, SYSTEMROOT=C:\WINDOWS, MAVEN_CMD_LINE_ARGS=install, VBOX_MSI_INSTALL_PATH=C:\Program Files\Oracle\VirtualBox\, DOCKER_ID_USER=ashrujitpal, OS=Windows_NT, COMMONPROGRAMW6432=C:\Program Files\Common Files, COMPUTERNAME=ASHRUJITPC, COMMONPROGRAMFILES=C:\Program Files (x86)\Common Files, COMSPEC=C:\WINDOWS\system32\cmd.exe, CATALINA_HOME=C:\apache-tomcat-8.5.20, JAVACMD=C:\Program Files (x86)\Java\jdk1.8.0_181\bin\java.exe, MAVEN_PROJECTBASEDIR=C:\Firebase\spring-kafka-producer-consumer-example\producer-consumer, PROCESSOR_REVISION=3d04, CLASSWORLDS_LAUNCHER=org.codehaus.plexus.classworlds.launcher.Launcher, DOCKER_TLS_VERIFY=1, TEMP=C:\Users\ashru\AppData\Local\Temp, HOMEDRIVE=C:, USERPROFILE=C:\Users\ashru, TMP=C:\Users\ashru\AppData\Local\Temp, NUMBER_OF_PROCESSORS=4, JVMCONFIG=\.mvn\jvm.config, DOCKER_TOOLBOX_INSTALL_PATH=C:\Program Files\Docker Toolbox}}]
18:22:31.887 [main] DEBUG org.springframework.core.io.support.PathMatchingResourcePatternResolver - Resolved classpath location [com/memorynotfound/kafka/] to resources [URL [file:/C:/Firebase/spring-kafka-producer-consumer-example/producer-consumer/target/test-classes/com/memorynotfound/kafka/], URL [file:/C:/Firebase/spring-kafka-producer-consumer-example/producer-consumer/target/classes/com/memorynotfound/kafka/]]
18:22:31.888 [main] DEBUG org.springframework.core.io.support.PathMatchingResourcePatternResolver - Looking for matching resources in directory tree [C:\Firebase\spring-kafka-producer-consumer-example\producer-consumer\target\test-classes\com\memorynotfound\kafka]
18:22:31.888 [main] DEBUG org.springframework.core.io.support.PathMatchingResourcePatternResolver - Searching directory [C:\Firebase\spring-kafka-producer-consumer-example\producer-consumer\target\test-classes\com\memorynotfound\kafka] for files matching pattern [C:/Firebase/spring-kafka-producer-consumer-example/producer-consumer/target/test-classes/com/memorynotfound/kafka/*.class]
18:22:31.894 [main] DEBUG org.springframework.core.io.support.PathMatchingResourcePatternResolver - Looking for matching resources in directory tree [C:\Firebase\spring-kafka-producer-consumer-example\producer-consumer\target\classes\com\memorynotfound\kafka]
18:22:31.896 [main] DEBUG org.springframework.core.io.support.PathMatchingResourcePatternResolver - Searching directory [C:\Firebase\spring-kafka-producer-consumer-example\producer-consumer\target\classes\com\memorynotfound\kafka] for files matching pattern [C:/Firebase/spring-kafka-producer-consumer-example/producer-consumer/target/classes/com/memorynotfound/kafka/*.class]
18:22:31.900 [main] DEBUG org.springframework.core.io.support.PathMatchingResourcePatternResolver - Resolved location pattern [classpath*:com/memorynotfound/kafka/*.class] to resources [file [C:\Firebase\spring-kafka-producer-consumer-example\producer-consumer\target\test-classes\com\memorynotfound\kafka\SpringKafkaSenderTest.class], file [C:\Firebase\spring-kafka-producer-consumer-example\producer-consumer\target\classes\com\memorynotfound\kafka\ProducerConsumerApplication.class]]
18:22:32.041 [main] DEBUG org.springframework.context.annotation.ClassPathScanningCandidateComponentProvider - Identified candidate component class: file [C:\Firebase\spring-kafka-producer-consumer-example\producer-consumer\target\classes\com\memorynotfound\kafka\ProducerConsumerApplication.class]
18:22:32.045 [main] INFO org.springframework.boot.test.context.SpringBootTestContextBootstrapper - Found @SpringBootConfiguration com.memorynotfound.kafka.ProducerConsumerApplication for test class com.memorynotfound.kafka.SpringKafkaSenderTest
18:22:32.369 [main] DEBUG org.springframework.boot.test.context.SpringBootTestContextBootstrapper - @TestExecutionListeners is not present for class [com.memorynotfound.kafka.SpringKafkaSenderTest]: using defaults.
18:22:32.370 [main] INFO org.springframework.boot.test.context.SpringBootTestContextBootstrapper - Loaded default TestExecutionListener class names from location [META-INF/spring.factories]: [org.springframework.boot.test.mock.mockito.MockitoTestExecutionListener, org.springframework.boot.test.mock.mockito.ResetMocksTestExecutionListener, org.springframework.boot.test.autoconfigure.restdocs.RestDocsTestExecutionListener, org.springframework.boot.test.autoconfigure.web.client.MockRestServiceServerResetTestExecutionListener, org.springframework.boot.test.autoconfigure.web.servlet.MockMvcPrintOnlyOnFailureTestExecutionListener, org.springframework.boot.test.autoconfigure.web.servlet.WebDriverTestExecutionListener, org.springframework.test.context.web.ServletTestExecutionListener, org.springframework.test.context.support.DirtiesContextBeforeModesTestExecutionListener, org.springframework.test.context.support.DependencyInjectionTestExecutionListener, org.springframework.test.context.support.DirtiesContextTestExecutionListener, org.springframework.test.context.transaction.TransactionalTestExecutionListener, org.springframework.test.context.jdbc.SqlScriptsTestExecutionListener]
18:22:32.388 [main] DEBUG org.springframework.boot.test.context.SpringBootTestContextBootstrapper - Skipping candidate TestExecutionListener [org.springframework.test.context.web.ServletTestExecutionListener] due to a missing dependency. Specify custom listener classes or make the default listener classes and their required dependencies available. Offending class: [javax/servlet/ServletContext]
18:22:32.410 [main] INFO org.springframework.boot.test.context.SpringBootTestContextBootstrapper - Using TestExecutionListeners: [org.springframework.test.context.support.DirtiesContextBeforeModesTestExecutionListener@1da768f, org.springframework.boot.test.mock.mockito.MockitoTestExecutionListener@8c8dcf, org.springframework.boot.test.autoconfigure.SpringBootDependencyInjectionTestExecutionListener@269709, org.springframework.test.context.support.DirtiesContextTestExecutionListener@ceadd4, org.springframework.test.context.transaction.TransactionalTestExecutionListener@aed80c, org.springframework.test.context.jdbc.SqlScriptsTestExecutionListener@52dba3, org.springframework.boot.test.mock.mockito.ResetMocksTestExecutionListener@5c8d3f, org.springframework.boot.test.autoconfigure.restdocs.RestDocsTestExecutionListener@12325ad, org.springframework.boot.test.autoconfigure.web.client.MockRestServiceServerResetTestExecutionListener@19fedbd, org.springframework.boot.test.autoconfigure.web.servlet.MockMvcPrintOnlyOnFailureTestExecutionListener@13ca52e, org.springframework.boot.test.autoconfigure.web.servlet.WebDriverTestExecutionListener@1c7e403]
18:22:32.418 [main] DEBUG org.springframework.test.annotation.ProfileValueUtils - Retrieved @ProfileValueSourceConfiguration [null] for test class [com.memorynotfound.kafka.SpringKafkaSenderTest]
18:22:32.420 [main] DEBUG org.springframework.test.annotation.ProfileValueUtils - Retrieved ProfileValueSource type [class org.springframework.test.annotation.SystemProfileValueSource] for class [com.memorynotfound.kafka.SpringKafkaSenderTest]
18:22:32.421 [main] DEBUG org.springframework.test.annotation.ProfileValueUtils - Retrieved @ProfileValueSourceConfiguration [null] for test class [com.memorynotfound.kafka.SpringKafkaSenderTest]
18:22:32.421 [main] DEBUG org.springframework.test.annotation.ProfileValueUtils - Retrieved ProfileValueSource type [class org.springframework.test.annotation.SystemProfileValueSource] for class [com.memorynotfound.kafka.SpringKafkaSenderTest]
18:22:32.422 [main] DEBUG org.springframework.test.annotation.ProfileValueUtils - Retrieved @ProfileValueSourceConfiguration [null] for test class [com.memorynotfound.kafka.SpringKafkaSenderTest]
18:22:32.422 [main] DEBUG org.springframework.test.annotation.ProfileValueUtils - Retrieved ProfileValueSource type [class org.springframework.test.annotation.SystemProfileValueSource] for class [com.memorynotfound.kafka.SpringKafkaSenderTest]
18:22:32.436 [main] DEBUG org.springframework.test.annotation.ProfileValueUtils - Retrieved @ProfileValueSourceConfiguration [null] for test class [com.memorynotfound.kafka.SpringKafkaSenderTest]
18:22:32.437 [main] DEBUG org.springframework.test.annotation.ProfileValueUtils - Retrieved ProfileValueSource type [class org.springframework.test.annotation.SystemProfileValueSource] for class [com.memorynotfound.kafka.SpringKafkaSenderTest]
18:22:37.868 [main] INFO org.apache.zookeeper.server.ZooKeeperServer - Server environment:zookeeper.version=3.4.10-39d3a4f269333c922ed3db283be479f9deacaa0f, built on 03/23/2017 10:13 GMT
18:22:37.868 [main] INFO org.apache.zookeeper.server.ZooKeeperServer - Server environment:host.name=AshrujitPC
18:22:37.869 [main] INFO org.apache.zookeeper.server.ZooKeeperServer - Server environment:java.version=1.8.0_181
18:22:37.869 [main] INFO org.apache.zookeeper.server.ZooKeeperServer - Server environment:java.vendor=Oracle Corporation
18:22:37.869 [main] INFO org.apache.zookeeper.server.ZooKeeperServer - Server environment:java.home=C:\Program Files (x86)\Java\jdk1.8.0_181\jre
18:22:37.869 [main] INFO org.apache.zookeeper.server.ZooKeeperServer - Server environment:java.class.path=C:\Firebase\spring-kafka-producer-consumer-example\producer-consumer\target\test-classes;C:\Firebase\spring-kafka-producer-consumer-example\producer-consumer\target\classes;C:\Users\ashru\.m2\repository\org\springframework\boot\spring-boot-starter\2.0.0.RELEASE\spring-boot-starter-2.0.0.RELEASE.jar;C:\Users\ashru\.m2\repository\org\springframework\boot\spring-boot\2.0.0.RELEASE\spring-boot-2.0.0.RELEASE.jar;C:\Users\ashru\.m2\repository\org\springframework\boot\spring-boot-autoconfigure\2.0.0.RELEASE\spring-boot-autoconfigure-2.0.0.RELEASE.jar;C:\Users\ashru\.m2\repository\org\springframework\boot\spring-boot-starter-logging\2.0.0.RELEASE\spring-boot-starter-logging-2.0.0.RELEASE.jar;C:\Users\ashru\.m2\repository\ch\qos\logback\logback-classic\1.2.3\logback-classic-1.2.3.jar;C:\Users\ashru\.m2\repository\ch\qos\logback\logback-core\1.2.3\logback-core-1.2.3.jar;C:\Users\ashru\.m2\repository\org\apache\logging\log4j\log4j-to-slf4j\2.10.0\log4j-to-slf4j-2.10.0.jar;C:\Users\ashru\.m2\repository\org\apache\logging\log4j\log4j-api\2.10.0\log4j-api-2.10.0.jar;C:\Users\ashru\.m2\repository\org\slf4j\jul-to-slf4j\1.7.25\jul-to-slf4j-1.7.25.jar;C:\Users\ashru\.m2\repository\javax\annotation\javax.annotation-api\1.3.2\javax.annotation-api-1.3.2.jar;C:\Users\ashru\.m2\repository\org\springframework\spring-core\5.0.4.RELEASE\spring-core-5.0.4.RELEASE.jar;C:\Users\ashru\.m2\repository\org\springframework\spring-jcl\5.0.4.RELEASE\spring-jcl-5.0.4.RELEASE.jar;C:\Users\ashru\.m2\repository\org\yaml\snakeyaml\1.19\snakeyaml-1.19.jar;C:\Users\ashru\.m2\repository\org\springframework\kafka\spring-kafka\2.1.4.RELEASE\spring-kafka-2.1.4.RELEASE.jar;C:\Users\ashru\.m2\repository\org\springframework\spring-context\5.0.4.RELEASE\spring-context-5.0.4.RELEASE.jar;C:\Users\ashru\.m2\repository\org\springframework\spring-aop\5.0.4.RELEASE\spring-aop-5.0.4.RELEASE.jar;C:\Users\ashru\.m2\repository\org\springframework\spring-beans\5.0.4.RELEASE\spring-beans-5.0.4.RELEASE.jar;C:\Users\ashru\.m2\repository\org\springframework\spring-expression\5.0.4.RELEASE\spring-expression-5.0.4.RELEASE.jar;C:\Users\ashru\.m2\repository\org\springframework\spring-messaging\5.0.4.RELEASE\spring-messaging-5.0.4.RELEASE.jar;C:\Users\ashru\.m2\repository\org\springframework\spring-tx\5.0.4.RELEASE\spring-tx-5.0.4.RELEASE.jar;C:\Users\ashru\.m2\repository\org\springframework\retry\spring-retry\1.2.2.RELEASE\spring-retry-1.2.2.RELEASE.jar;C:\Users\ashru\.m2\repository\org\apache\kafka\kafka-clients\1.0.0\kafka-clients-1.0.0.jar;C:\Users\ashru\.m2\repository\org\lz4\lz4-java\1.4\lz4-java-1.4.jar;C:\Users\ashru\.m2\repository\org\xerial\snappy\snappy-java\1.1.4\snappy-java-1.1.4.jar;C:\Users\ashru\.m2\repository\org\springframework\boot\spring-boot-starter-test\2.0.0.RELEASE\spring-boot-starter-test-2.0.0.RELEASE.jar;C:\Users\ashru\.m2\repository\org\springframework\boot\spring-boot-test\2.0.0.RELEASE\spring-boot-test-2.0.0.RELEASE.jar;C:\Users\ashru\.m2\repository\org\springframework\boot\spring-boot-test-autoconfigure\2.0.0.RELEASE\spring-boot-test-autoconfigure-2.0.0.RELEASE.jar;C:\Users\ashru\.m2\repository\com\jayway\jsonpath\json-path\2.4.0\json-path-2.4.0.jar;C:\Users\ashru\.m2\repository\net\minidev\json-smart\2.3\json-smart-2.3.jar;C:\Users\ashru\.m2\repository\net\minidev\accessors-smart\1.2\accessors-smart-1.2.jar;C:\Users\ashru\.m2\repository\org\ow2\asm\asm\5.0.4\asm-5.0.4.jar;C:\Users\ashru\.m2\repository\org\slf4j\slf4j-api\1.7.25\slf4j-api-1.7.25.jar;C:\Users\ashru\.m2\repository\junit\junit\4.12\junit-4.12.jar;C:\Users\ashru\.m2\repository\org\assertj\assertj-core\3.9.1\assertj-core-3.9.1.jar;C:\Users\ashru\.m2\repository\org\mockito\mockito-core\2.15.0\mockito-core-2.15.0.jar;C:\Users\ashru\.m2\repository\net\bytebuddy\byte-buddy\1.7.10\byte-buddy-1.7.10.jar;C:\Users\ashru\.m2\repository\net\bytebuddy\byte-buddy-agent\1.7.10\byte-buddy-agent-1.7.10.jar;C:\Users\ashru\.m2\repository\org\objenesis\objenesis\2.6\objenesis-2.6.jar;C:\Users\ashru\.m2\repository\org\hamcrest\hamcrest-core\1.3\hamcrest-core-1.3.jar;C:\Users\ashru\.m2\repository\org\hamcrest\hamcrest-library\1.3\hamcrest-library-1.3.jar;C:\Users\ashru\.m2\repository\org\skyscreamer\jsonassert\1.5.0\jsonassert-1.5.0.jar;C:\Users\ashru\.m2\repository\com\vaadin\external\google\android-json\0.0.20131108.vaadin1\android-json-0.0.20131108.vaadin1.jar;C:\Users\ashru\.m2\repository\org\springframework\spring-test\5.0.4.RELEASE\spring-test-5.0.4.RELEASE.jar;C:\Users\ashru\.m2\repository\org\xmlunit\xmlunit-core\2.5.1\xmlunit-core-2.5.1.jar;C:\Users\ashru\.m2\repository\org\springframework\kafka\spring-kafka-test\2.1.4.RELEASE\spring-kafka-test-2.1.4.RELEASE.jar;C:\Users\ashru\.m2\repository\org\apache\kafka\kafka-clients\1.0.0\kafka-clients-1.0.0-test.jar;C:\Users\ashru\.m2\repository\org\apache\kafka\kafka_2.11\1.0.0\kafka_2.11-1.0.0.jar;C:\Users\ashru\.m2\repository\com\fasterxml\jackson\core\jackson-databind\2.9.4\jackson-databind-2.9.4.jar;C:\Users\ashru\.m2\repository\com\fasterxml\jackson\core\jackson-annotations\2.9.0\jackson-annotations-2.9.0.jar;C:\Users\ashru\.m2\repository\com\fasterxml\jackson\core\jackson-core\2.9.4\jackson-core-2.9.4.jar;C:\Users\ashru\.m2\repository\net\sf\jopt-simple\jopt-simple\5.0.4\jopt-simple-5.0.4.jar;C:\Users\ashru\.m2\repository\com\yammer\metrics\metrics-core\2.2.0\metrics-core-2.2.0.jar;C:\Users\ashru\.m2\repository\org\scala-lang\scala-library\2.11.11\scala-library-2.11.11.jar;C:\Users\ashru\.m2\repository\com\101tec\zkclient\0.10\zkclient-0.10.jar;C:\Users\ashru\.m2\repository\org\apache\zookeeper\zookeeper\3.4.10\zookeeper-3.4.10.jar;C:\Users\ashru\.m2\repository\log4j\log4j\1.2.16\log4j-1.2.16.jar;C:\Users\ashru\.m2\repository\org\apache\kafka\kafka_2.11\1.0.0\kafka_2.11-1.0.0-test.jar;
18:22:37.869 [main] INFO org.apache.zookeeper.server.ZooKeeperServer - Server environment:java.library.path=C:\Program Files (x86)\Java\jdk1.8.0_181\jre\bin;C:\WINDOWS\Sun\Java\bin;C:\WINDOWS\system32;C:\WINDOWS;C:\Program Files (x86)\Common Files\Oracle\Java\javapath;C:\ProgramData\Oracle\Java\javapath;C:\PROGRAM FILES (X86)\LENOVO\FUSIONENGINE;C:\WINDOWS\SYSTEM32;C:\WINDOWS;C:\WINDOWS\SYSTEM32\WBEM;C:\WINDOWS\SYSTEM32\WINDOWSPOWERSHELL\V1.0\;C:\PROGRAM FILES (X86)\COMMON FILES\LENOVO\EASYPLUSSDK\BIN;C:\Program Files\Lenovo\Bluetooth Software\;C:\Program Files\Lenovo\Bluetooth Software\syswow64;C:\Program Files (x86)\Java\jdk1.8.0_181\bin;C:\WINDOWS\system32;C:\WINDOWS;C:\WINDOWS\System32\Wbem;C:\WINDOWS\System32\WindowsPowerShell\v1.0\;C:\apache-maven-3.5.0\bin;C:\apache-maven-3.5.0\bin;C:\spring-1.5.6.RELEASE\bin;C:\apache-tomcat-8.5.20\bin;C:\WINDOWS\System32\OpenSSH\;C:\Softwares\nodejs;C:\Python\Python37;C:\Program Files\Cloud Foundry;C:\Program Files\Git\cmd;C:\Program Files\PuTTY\;C:\Program Files\dotnet\;C:\Softwares\codes\MobileOnboarding-61c63b06c16b.json;C:\Users\ashru\AppData\Local\Microsoft\WindowsApps;C:\gradle-4.0\bin;C:\Program Files\Docker Toolbox;C:\Users\ashru\AppData\Local\Google\Cloud SDK\google-cloud-sdk\bin;C:\Users\ashru\AppData\Local\Programs\Microsoft VS Code\bin;.
18:22:37.869 [main] INFO org.apache.zookeeper.server.ZooKeeperServer - Server environment:java.io.tmpdir=C:\Users\ashru\AppData\Local\Temp\
18:22:37.869 [main] INFO org.apache.zookeeper.server.ZooKeeperServer - Server environment:java.compiler=<NA>
18:22:37.870 [main] INFO org.apache.zookeeper.server.ZooKeeperServer - Server environment:os.name=Windows 10
18:22:37.870 [main] INFO org.apache.zookeeper.server.ZooKeeperServer - Server environment:os.arch=x86
18:22:37.870 [main] INFO org.apache.zookeeper.server.ZooKeeperServer - Server environment:os.version=10.0
18:22:37.870 [main] INFO org.apache.zookeeper.server.ZooKeeperServer - Server environment:user.name=ashru
18:22:37.870 [main] INFO org.apache.zookeeper.server.ZooKeeperServer - Server environment:user.home=C:\Users\ashru
18:22:37.870 [main] INFO org.apache.zookeeper.server.ZooKeeperServer - Server environment:user.dir=C:\Firebase\spring-kafka-producer-consumer-example\producer-consumer
18:22:37.886 [main] DEBUG org.apache.zookeeper.server.persistence.FileTxnSnapLog - Opening datadir:C:\Users\ashru\AppData\Local\Temp\kafka-6904604717546809435 snapDir:C:\Users\ashru\AppData\Local\Temp\kafka-4540525070990838546
18:22:37.914 [main] INFO org.apache.zookeeper.server.ZooKeeperServer - Created server with tickTime 500 minSessionTimeout 1000 maxSessionTimeout 10000 datadir C:\Users\ashru\AppData\Local\Temp\kafka-6904604717546809435\version-2 snapdir C:\Users\ashru\AppData\Local\Temp\kafka-4540525070990838546\version-2
18:22:37.957 [main] INFO org.apache.zookeeper.server.NIOServerCnxnFactory - binding to port /127.0.0.1:0
18:22:37.998 [main] ERROR org.apache.zookeeper.server.ZooKeeperServer - ZKShutdownHandler is not registered, so ZooKeeper server won't take any action on ERROR or SHUTDOWN server state changes
18:22:38.017 [main] DEBUG org.I0Itec.zkclient.ZkConnection - Creating new ZookKeeper instance to connect to 127.0.0.1:52398.
18:22:38.017 [ZkClient-EventThread-17-127.0.0.1:52398] INFO org.I0Itec.zkclient.ZkEventThread - Starting ZkClient event thread.
18:22:38.028 [main] INFO org.apache.zookeeper.ZooKeeper - Client environment:zookeeper.version=3.4.10-39d3a4f269333c922ed3db283be479f9deacaa0f, built on 03/23/2017 10:13 GMT
18:22:38.028 [main] INFO org.apache.zookeeper.ZooKeeper - Client environment:host.name=AshrujitPC
18:22:38.028 [main] INFO org.apache.zookeeper.ZooKeeper - Client environment:java.version=1.8.0_181
18:22:38.028 [main] INFO org.apache.zookeeper.ZooKeeper - Client environment:java.vendor=Oracle Corporation
18:22:38.028 [main] INFO org.apache.zookeeper.ZooKeeper - Client environment:java.home=C:\Program Files (x86)\Java\jdk1.8.0_181\jre
18:22:38.028 [main] INFO org.apache.zookeeper.ZooKeeper - Client environment:java.class.path=C:\Firebase\spring-kafka-producer-consumer-example\producer-consumer\target\test-classes;C:\Firebase\spring-kafka-producer-consumer-example\producer-consumer\target\classes;C:\Users\ashru\.m2\repository\org\springframework\boot\spring-boot-starter\2.0.0.RELEASE\spring-boot-starter-2.0.0.RELEASE.jar;C:\Users\ashru\.m2\repository\org\springframework\boot\spring-boot\2.0.0.RELEASE\spring-boot-2.0.0.RELEASE.jar;C:\Users\ashru\.m2\repository\org\springframework\boot\spring-boot-autoconfigure\2.0.0.RELEASE\spring-boot-autoconfigure-2.0.0.RELEASE.jar;C:\Users\ashru\.m2\repository\org\springframework\boot\spring-boot-starter-logging\2.0.0.RELEASE\spring-boot-starter-logging-2.0.0.RELEASE.jar;C:\Users\ashru\.m2\repository\ch\qos\logback\logback-classic\1.2.3\logback-classic-1.2.3.jar;C:\Users\ashru\.m2\repository\ch\qos\logback\logback-core\1.2.3\logback-core-1.2.3.jar;C:\Users\ashru\.m2\repository\org\apache\logging\log4j\log4j-to-slf4j\2.10.0\log4j-to-slf4j-2.10.0.jar;C:\Users\ashru\.m2\repository\org\apache\logging\log4j\log4j-api\2.10.0\log4j-api-2.10.0.jar;C:\Users\ashru\.m2\repository\org\slf4j\jul-to-slf4j\1.7.25\jul-to-slf4j-1.7.25.jar;C:\Users\ashru\.m2\repository\javax\annotation\javax.annotation-api\1.3.2\javax.annotation-api-1.3.2.jar;C:\Users\ashru\.m2\repository\org\springframework\spring-core\5.0.4.RELEASE\spring-core-5.0.4.RELEASE.jar;C:\Users\ashru\.m2\repository\org\springframework\spring-jcl\5.0.4.RELEASE\spring-jcl-5.0.4.RELEASE.jar;C:\Users\ashru\.m2\repository\org\yaml\snakeyaml\1.19\snakeyaml-1.19.jar;C:\Users\ashru\.m2\repository\org\springframework\kafka\spring-kafka\2.1.4.RELEASE\spring-kafka-2.1.4.RELEASE.jar;C:\Users\ashru\.m2\repository\org\springframework\spring-context\5.0.4.RELEASE\spring-context-5.0.4.RELEASE.jar;C:\Users\ashru\.m2\repository\org\springframework\spring-aop\5.0.4.RELEASE\spring-aop-5.0.4.RELEASE.jar;C:\Users\ashru\.m2\repository\org\springframework\spring-beans\5.0.4.RELEASE\spring-beans-5.0.4.RELEASE.jar;C:\Users\ashru\.m2\repository\org\springframework\spring-expression\5.0.4.RELEASE\spring-expression-5.0.4.RELEASE.jar;C:\Users\ashru\.m2\repository\org\springframework\spring-messaging\5.0.4.RELEASE\spring-messaging-5.0.4.RELEASE.jar;C:\Users\ashru\.m2\repository\org\springframework\spring-tx\5.0.4.RELEASE\spring-tx-5.0.4.RELEASE.jar;C:\Users\ashru\.m2\repository\org\springframework\retry\spring-retry\1.2.2.RELEASE\spring-retry-1.2.2.RELEASE.jar;C:\Users\ashru\.m2\repository\org\apache\kafka\kafka-clients\1.0.0\kafka-clients-1.0.0.jar;C:\Users\ashru\.m2\repository\org\lz4\lz4-java\1.4\lz4-java-1.4.jar;C:\Users\ashru\.m2\repository\org\xerial\snappy\snappy-java\1.1.4\snappy-java-1.1.4.jar;C:\Users\ashru\.m2\repository\org\springframework\boot\spring-boot-starter-test\2.0.0.RELEASE\spring-boot-starter-test-2.0.0.RELEASE.jar;C:\Users\ashru\.m2\repository\org\springframework\boot\spring-boot-test\2.0.0.RELEASE\spring-boot-test-2.0.0.RELEASE.jar;C:\Users\ashru\.m2\repository\org\springframework\boot\spring-boot-test-autoconfigure\2.0.0.RELEASE\spring-boot-test-autoconfigure-2.0.0.RELEASE.jar;C:\Users\ashru\.m2\repository\com\jayway\jsonpath\json-path\2.4.0\json-path-2.4.0.jar;C:\Users\ashru\.m2\repository\net\minidev\json-smart\2.3\json-smart-2.3.jar;C:\Users\ashru\.m2\repository\net\minidev\accessors-smart\1.2\accessors-smart-1.2.jar;C:\Users\ashru\.m2\repository\org\ow2\asm\asm\5.0.4\asm-5.0.4.jar;C:\Users\ashru\.m2\repository\org\slf4j\slf4j-api\1.7.25\slf4j-api-1.7.25.jar;C:\Users\ashru\.m2\repository\junit\junit\4.12\junit-4.12.jar;C:\Users\ashru\.m2\repository\org\assertj\assertj-core\3.9.1\assertj-core-3.9.1.jar;C:\Users\ashru\.m2\repository\org\mockito\mockito-core\2.15.0\mockito-core-2.15.0.jar;C:\Users\ashru\.m2\repository\net\bytebuddy\byte-buddy\1.7.10\byte-buddy-1.7.10.jar;C:\Users\ashru\.m2\repository\net\bytebuddy\byte-buddy-agent\1.7.10\byte-buddy-agent-1.7.10.jar;C:\Users\ashru\.m2\repository\org\objenesis\objenesis\2.6\objenesis-2.6.jar;C:\Users\ashru\.m2\repository\org\hamcrest\hamcrest-core\1.3\hamcrest-core-1.3.jar;C:\Users\ashru\.m2\repository\org\hamcrest\hamcrest-library\1.3\hamcrest-library-1.3.jar;C:\Users\ashru\.m2\repository\org\skyscreamer\jsonassert\1.5.0\jsonassert-1.5.0.jar;C:\Users\ashru\.m2\repository\com\vaadin\external\google\android-json\0.0.20131108.vaadin1\android-json-0.0.20131108.vaadin1.jar;C:\Users\ashru\.m2\repository\org\springframework\spring-test\5.0.4.RELEASE\spring-test-5.0.4.RELEASE.jar;C:\Users\ashru\.m2\repository\org\xmlunit\xmlunit-core\2.5.1\xmlunit-core-2.5.1.jar;C:\Users\ashru\.m2\repository\org\springframework\kafka\spring-kafka-test\2.1.4.RELEASE\spring-kafka-test-2.1.4.RELEASE.jar;C:\Users\ashru\.m2\repository\org\apache\kafka\kafka-clients\1.0.0\kafka-clients-1.0.0-test.jar;C:\Users\ashru\.m2\repository\org\apache\kafka\kafka_2.11\1.0.0\kafka_2.11-1.0.0.jar;C:\Users\ashru\.m2\repository\com\fasterxml\jackson\core\jackson-databind\2.9.4\jackson-databind-2.9.4.jar;C:\Users\ashru\.m2\repository\com\fasterxml\jackson\core\jackson-annotations\2.9.0\jackson-annotations-2.9.0.jar;C:\Users\ashru\.m2\repository\com\fasterxml\jackson\core\jackson-core\2.9.4\jackson-core-2.9.4.jar;C:\Users\ashru\.m2\repository\net\sf\jopt-simple\jopt-simple\5.0.4\jopt-simple-5.0.4.jar;C:\Users\ashru\.m2\repository\com\yammer\metrics\metrics-core\2.2.0\metrics-core-2.2.0.jar;C:\Users\ashru\.m2\repository\org\scala-lang\scala-library\2.11.11\scala-library-2.11.11.jar;C:\Users\ashru\.m2\repository\com\101tec\zkclient\0.10\zkclient-0.10.jar;C:\Users\ashru\.m2\repository\org\apache\zookeeper\zookeeper\3.4.10\zookeeper-3.4.10.jar;C:\Users\ashru\.m2\repository\log4j\log4j\1.2.16\log4j-1.2.16.jar;C:\Users\ashru\.m2\repository\org\apache\kafka\kafka_2.11\1.0.0\kafka_2.11-1.0.0-test.jar;
18:22:38.029 [main] INFO org.apache.zookeeper.ZooKeeper - Client environment:java.library.path=C:\Program Files (x86)\Java\jdk1.8.0_181\jre\bin;C:\WINDOWS\Sun\Java\bin;C:\WINDOWS\system32;C:\WINDOWS;C:\Program Files (x86)\Common Files\Oracle\Java\javapath;C:\ProgramData\Oracle\Java\javapath;C:\PROGRAM FILES (X86)\LENOVO\FUSIONENGINE;C:\WINDOWS\SYSTEM32;C:\WINDOWS;C:\WINDOWS\SYSTEM32\WBEM;C:\WINDOWS\SYSTEM32\WINDOWSPOWERSHELL\V1.0\;C:\PROGRAM FILES (X86)\COMMON FILES\LENOVO\EASYPLUSSDK\BIN;C:\Program Files\Lenovo\Bluetooth Software\;C:\Program Files\Lenovo\Bluetooth Software\syswow64;C:\Program Files (x86)\Java\jdk1.8.0_181\bin;C:\WINDOWS\system32;C:\WINDOWS;C:\WINDOWS\System32\Wbem;C:\WINDOWS\System32\WindowsPowerShell\v1.0\;C:\apache-maven-3.5.0\bin;C:\apache-maven-3.5.0\bin;C:\spring-1.5.6.RELEASE\bin;C:\apache-tomcat-8.5.20\bin;C:\WINDOWS\System32\OpenSSH\;C:\Softwares\nodejs;C:\Python\Python37;C:\Program Files\Cloud Foundry;C:\Program Files\Git\cmd;C:\Program Files\PuTTY\;C:\Program Files\dotnet\;C:\Softwares\codes\MobileOnboarding-61c63b06c16b.json;C:\Users\ashru\AppData\Local\Microsoft\WindowsApps;C:\gradle-4.0\bin;C:\Program Files\Docker Toolbox;C:\Users\ashru\AppData\Local\Google\Cloud SDK\google-cloud-sdk\bin;C:\Users\ashru\AppData\Local\Programs\Microsoft VS Code\bin;.
18:22:38.029 [main] INFO org.apache.zookeeper.ZooKeeper - Client environment:java.io.tmpdir=C:\Users\ashru\AppData\Local\Temp\
18:22:38.029 [main] INFO org.apache.zookeeper.ZooKeeper - Client environment:java.compiler=<NA>
18:22:38.029 [main] INFO org.apache.zookeeper.ZooKeeper - Client environment:os.name=Windows 10
18:22:38.030 [main] INFO org.apache.zookeeper.ZooKeeper - Client environment:os.arch=x86
18:22:38.030 [main] INFO org.apache.zookeeper.ZooKeeper - Client environment:os.version=10.0
18:22:38.030 [main] INFO org.apache.zookeeper.ZooKeeper - Client environment:user.name=ashru
18:22:38.030 [main] INFO org.apache.zookeeper.ZooKeeper - Client environment:user.home=C:\Users\ashru
18:22:38.030 [main] INFO org.apache.zookeeper.ZooKeeper - Client environment:user.dir=C:\Firebase\spring-kafka-producer-consumer-example\producer-consumer
18:22:38.033 [main] INFO org.apache.zookeeper.ZooKeeper - Initiating client connection, connectString=127.0.0.1:52398 sessionTimeout=6000 watcher=org.I0Itec.zkclient.ZkClient@f6d1be
18:22:38.037 [main] DEBUG org.apache.zookeeper.ClientCnxn - zookeeper.disableAutoWatchReset is false
18:22:38.057 [main] DEBUG org.I0Itec.zkclient.ZkClient - Awaiting connection to Zookeeper server
18:22:38.058 [main] INFO org.I0Itec.zkclient.ZkClient - Waiting for keeper state SyncConnected
18:22:38.061 [main-SendThread(127.0.0.1:52398)] INFO org.apache.zookeeper.ClientCnxn - Opening socket connection to server 127.0.0.1/127.0.0.1:52398. Will not attempt to authenticate using SASL (unknown error)
18:22:38.064 [main-SendThread(127.0.0.1:52398)] INFO org.apache.zookeeper.ClientCnxn - Socket connection established to 127.0.0.1/127.0.0.1:52398, initiating session
18:22:38.064 [NIOServerCxn.Factory:/127.0.0.1:0] INFO org.apache.zookeeper.server.NIOServerCnxnFactory - Accepted socket connection from /127.0.0.1:52401
18:22:38.068 [main-SendThread(127.0.0.1:52398)] DEBUG org.apache.zookeeper.ClientCnxn - Session establishment request sent on 127.0.0.1/127.0.0.1:52398
18:22:38.084 [NIOServerCxn.Factory:/127.0.0.1:0] DEBUG org.apache.zookeeper.server.ZooKeeperServer - Session establishment request from client /127.0.0.1:52401 client's lastZxid is 0x0
18:22:38.086 [NIOServerCxn.Factory:/127.0.0.1:0] INFO org.apache.zookeeper.server.ZooKeeperServer - Client attempting to establish new session at /127.0.0.1:52401
18:22:38.091 [SyncThread:0] INFO org.apache.zookeeper.server.persistence.FileTxnLog - Creating new log file: log.1
18:22:38.104 [SyncThread:0] DEBUG org.apache.zookeeper.server.FinalRequestProcessor - Processing request:: sessionid:0x16659354f920000 type:createSession cxid:0x0 zxid:0x1 txntype:-10 reqpath:n/a
18:22:38.113 [SyncThread:0] DEBUG org.apache.zookeeper.server.FinalRequestProcessor - sessionid:0x16659354f920000 type:createSession cxid:0x0 zxid:0x1 txntype:-10 reqpath:n/a
18:22:38.120 [SyncThread:0] INFO org.apache.zookeeper.server.ZooKeeperServer - Established session 0x16659354f920000 with negotiated timeout 6000 for client /127.0.0.1:52401
18:22:38.121 [main-SendThread(127.0.0.1:52398)] INFO org.apache.zookeeper.ClientCnxn - Session establishment complete on server 127.0.0.1/127.0.0.1:52398, sessionid = 0x16659354f920000, negotiated timeout = 6000
18:22:38.126 [main-EventThread] DEBUG org.I0Itec.zkclient.ZkClient - Received event: WatchedEvent state:SyncConnected type:None path:null
18:22:38.126 [main-EventThread] INFO org.I0Itec.zkclient.ZkClient - zookeeper state changed (SyncConnected)
18:22:38.126 [main-EventThread] DEBUG org.I0Itec.zkclient.ZkClient - Leaving process event
18:22:38.126 [main] DEBUG org.I0Itec.zkclient.ZkClient - State is SyncConnected
18:22:38.874 [main] INFO kafka.server.KafkaConfig - KafkaConfig values: 
	advertised.host.name = null
	advertised.listeners = null
	advertised.port = null
	alter.config.policy.class.name = null
	authorizer.class.name = 
	auto.create.topics.enable = true
	auto.leader.rebalance.enable = true
	background.threads = 10
	broker.id = 0
	broker.id.generation.enable = true
	broker.rack = null
	compression.type = producer
	connections.max.idle.ms = 600000
	controlled.shutdown.enable = true
	controlled.shutdown.max.retries = 3
	controlled.shutdown.retry.backoff.ms = 100
	controller.socket.timeout.ms = 1000
	create.topic.policy.class.name = null
	default.replication.factor = 1
	delete.records.purgatory.purge.interval.requests = 1
	delete.topic.enable = true
	fetch.purgatory.purge.interval.requests = 1000
	group.initial.rebalance.delay.ms = 0
	group.max.session.timeout.ms = 300000
	group.min.session.timeout.ms = 6000
	host.name = 
	inter.broker.listener.name = null
	inter.broker.protocol.version = 1.0-IV0
	leader.imbalance.check.interval.seconds = 300
	leader.imbalance.per.broker.percentage = 10
	listener.security.protocol.map = PLAINTEXT:PLAINTEXT,SSL:SSL,SASL_PLAINTEXT:SASL_PLAINTEXT,SASL_SSL:SASL_SSL
	listeners = PLAINTEXT://localhost:0
	log.cleaner.backoff.ms = 15000
	log.cleaner.dedupe.buffer.size = 2097152
	log.cleaner.delete.retention.ms = 86400000
	log.cleaner.enable = true
	log.cleaner.io.buffer.load.factor = 0.9
	log.cleaner.io.buffer.size = 524288
	log.cleaner.io.max.bytes.per.second = 1.7976931348623157E308
	log.cleaner.min.cleanable.ratio = 0.5
	log.cleaner.min.compaction.lag.ms = 0
	log.cleaner.threads = 1
	log.cleanup.policy = [delete]
	log.dir = C:\Users\ashru\AppData\Local\Temp\kafka-7887906714852656977
	log.dirs = null
	log.flush.interval.messages = 9223372036854775807
	log.flush.interval.ms = null
	log.flush.offset.checkpoint.interval.ms = 60000
	log.flush.scheduler.interval.ms = 9223372036854775807
	log.flush.start.offset.checkpoint.interval.ms = 60000
	log.index.interval.bytes = 4096
	log.index.size.max.bytes = 10485760
	log.message.format.version = 1.0-IV0
	log.message.timestamp.difference.max.ms = 9223372036854775807
	log.message.timestamp.type = CreateTime
	log.preallocate = false
	log.retention.bytes = -1
	log.retention.check.interval.ms = 300000
	log.retention.hours = 168
	log.retention.minutes = null
	log.retention.ms = null
	log.roll.hours = 168
	log.roll.jitter.hours = 0
	log.roll.jitter.ms = null
	log.roll.ms = null
	log.segment.bytes = 1073741824
	log.segment.delete.delay.ms = 1000
	max.connections.per.ip = 2147483647
	max.connections.per.ip.overrides = 
	message.max.bytes = 1000012
	metric.reporters = []
	metrics.num.samples = 2
	metrics.recording.level = INFO
	metrics.sample.window.ms = 30000
	min.insync.replicas = 1
	num.io.threads = 8
	num.network.threads = 3
	num.partitions = 1
	num.recovery.threads.per.data.dir = 1
	num.replica.fetchers = 1
	offset.metadata.max.bytes = 4096
	offsets.commit.required.acks = -1
	offsets.commit.timeout.ms = 5000
	offsets.load.buffer.size = 5242880
	offsets.retention.check.interval.ms = 600000
	offsets.retention.minutes = 1440
	offsets.topic.compression.codec = 0
	offsets.topic.num.partitions = 5
	offsets.topic.replication.factor = 1
	offsets.topic.segment.bytes = 104857600
	port = 9092
	principal.builder.class = null
	producer.purgatory.purge.interval.requests = 1000
	queued.max.request.bytes = -1
	queued.max.requests = 500
	quota.consumer.default = 9223372036854775807
	quota.producer.default = 9223372036854775807
	quota.window.num = 11
	quota.window.size.seconds = 1
	replica.fetch.backoff.ms = 1000
	replica.fetch.max.bytes = 1048576
	replica.fetch.min.bytes = 1
	replica.fetch.response.max.bytes = 10485760
	replica.fetch.wait.max.ms = 500
	replica.high.watermark.checkpoint.interval.ms = 5000
	replica.lag.time.max.ms = 10000
	replica.socket.receive.buffer.bytes = 65536
	replica.socket.timeout.ms = 1000
	replication.quota.window.num = 11
	replication.quota.window.size.seconds = 1
	request.timeout.ms = 30000
	reserved.broker.max.id = 1000
	sasl.enabled.mechanisms = [GSSAPI]
	sasl.kerberos.kinit.cmd = /usr/bin/kinit
	sasl.kerberos.min.time.before.relogin = 60000
	sasl.kerberos.principal.to.local.rules = [DEFAULT]
	sasl.kerberos.service.name = null
	sasl.kerberos.ticket.renew.jitter = 0.05
	sasl.kerberos.ticket.renew.window.factor = 0.8
	sasl.mechanism.inter.broker.protocol = GSSAPI
	security.inter.broker.protocol = PLAINTEXT
	socket.receive.buffer.bytes = 102400
	socket.request.max.bytes = 104857600
	socket.send.buffer.bytes = 102400
	ssl.cipher.suites = null
	ssl.client.auth = none
	ssl.enabled.protocols = [TLSv1.2, TLSv1.1, TLSv1]
	ssl.endpoint.identification.algorithm = null
	ssl.key.password = null
	ssl.keymanager.algorithm = SunX509
	ssl.keystore.location = null
	ssl.keystore.password = null
	ssl.keystore.type = JKS
	ssl.protocol = TLS
	ssl.provider = null
	ssl.secure.random.implementation = null
	ssl.trustmanager.algorithm = PKIX
	ssl.truststore.location = null
	ssl.truststore.password = null
	ssl.truststore.type = JKS
	transaction.abort.timed.out.transaction.cleanup.interval.ms = 60000
	transaction.max.timeout.ms = 900000
	transaction.remove.expired.transaction.cleanup.interval.ms = 3600000
	transaction.state.log.load.buffer.size = 5242880
	transaction.state.log.min.isr = 2
	transaction.state.log.num.partitions = 50
	transaction.state.log.replication.factor = 3
	transaction.state.log.segment.bytes = 104857600
	transactional.id.expiration.ms = 604800000
	unclean.leader.election.enable = false
	zookeeper.connect = 127.0.0.1:52398
	zookeeper.connection.timeout.ms = 10000
	zookeeper.session.timeout.ms = 6000
	zookeeper.set.acl = false
	zookeeper.sync.time.ms = 2000

18:22:39.149 [main] DEBUG org.I0Itec.zkclient.ZkConnection - Creating new ZookKeeper instance to connect to 127.0.0.1:52398.
18:22:39.150 [main] INFO org.apache.zookeeper.ZooKeeper - Initiating client connection, connectString=127.0.0.1:52398 sessionTimeout=6000 watcher=org.I0Itec.zkclient.ZkClient@12535ff
18:22:39.150 [ZkClient-EventThread-22-127.0.0.1:52398] INFO org.I0Itec.zkclient.ZkEventThread - Starting ZkClient event thread.
18:22:39.152 [main] DEBUG org.I0Itec.zkclient.ZkClient - Awaiting connection to Zookeeper server
18:22:39.153 [main] INFO org.I0Itec.zkclient.ZkClient - Waiting for keeper state SyncConnected
18:22:39.153 [main-SendThread(127.0.0.1:52398)] INFO org.apache.zookeeper.ClientCnxn - Opening socket connection to server 127.0.0.1/127.0.0.1:52398. Will not attempt to authenticate using SASL (unknown error)
18:22:39.155 [main-SendThread(127.0.0.1:52398)] INFO org.apache.zookeeper.ClientCnxn - Socket connection established to 127.0.0.1/127.0.0.1:52398, initiating session
18:22:39.155 [NIOServerCxn.Factory:/127.0.0.1:0] INFO org.apache.zookeeper.server.NIOServerCnxnFactory - Accepted socket connection from /127.0.0.1:52404
18:22:39.156 [main-SendThread(127.0.0.1:52398)] DEBUG org.apache.zookeeper.ClientCnxn - Session establishment request sent on 127.0.0.1/127.0.0.1:52398
18:22:39.157 [NIOServerCxn.Factory:/127.0.0.1:0] DEBUG org.apache.zookeeper.server.ZooKeeperServer - Session establishment request from client /127.0.0.1:52404 client's lastZxid is 0x0
18:22:39.157 [NIOServerCxn.Factory:/127.0.0.1:0] INFO org.apache.zookeeper.server.ZooKeeperServer - Client attempting to establish new session at /127.0.0.1:52404
18:22:39.159 [SyncThread:0] DEBUG org.apache.zookeeper.server.FinalRequestProcessor - Processing request:: sessionid:0x16659354f920001 type:createSession cxid:0x0 zxid:0x2 txntype:-10 reqpath:n/a
18:22:39.160 [SyncThread:0] DEBUG org.apache.zookeeper.server.FinalRequestProcessor - sessionid:0x16659354f920001 type:createSession cxid:0x0 zxid:0x2 txntype:-10 reqpath:n/a
18:22:39.161 [SyncThread:0] INFO org.apache.zookeeper.server.ZooKeeperServer - Established session 0x16659354f920001 with negotiated timeout 6000 for client /127.0.0.1:52404
18:22:39.161 [main-SendThread(127.0.0.1:52398)] INFO org.apache.zookeeper.ClientCnxn - Session establishment complete on server 127.0.0.1/127.0.0.1:52398, sessionid = 0x16659354f920001, negotiated timeout = 6000
18:22:39.162 [main-EventThread] DEBUG org.I0Itec.zkclient.ZkClient - Received event: WatchedEvent state:SyncConnected type:None path:null
18:22:39.162 [main-EventThread] INFO org.I0Itec.zkclient.ZkClient - zookeeper state changed (SyncConnected)
18:22:39.162 [main-EventThread] DEBUG org.I0Itec.zkclient.ZkClient - Leaving process event
18:22:39.163 [main] DEBUG org.I0Itec.zkclient.ZkClient - State is SyncConnected
18:22:39.200 [SyncThread:0] DEBUG org.apache.zookeeper.server.FinalRequestProcessor - Processing request:: sessionid:0x16659354f920001 type:exists cxid:0x1 zxid:0xfffffffffffffffe txntype:unknown reqpath:/consumers
18:22:39.201 [SyncThread:0] DEBUG org.apache.zookeeper.server.FinalRequestProcessor - sessionid:0x16659354f920001 type:exists cxid:0x1 zxid:0xfffffffffffffffe txntype:unknown reqpath:/consumers
18:22:39.219 [main-SendThread(127.0.0.1:52398)] DEBUG org.apache.zookeeper.ClientCnxn - Reading reply sessionid:0x16659354f920001, packet:: clientPath:null serverPath:null finished:false header:: 1,3  replyHeader:: 1,2,-101  request:: '/consumers,F  response::  
18:22:39.226 [SyncThread:0] DEBUG org.apache.zookeeper.server.FinalRequestProcessor - Processing request:: sessionid:0x16659354f920001 type:exists cxid:0x2 zxid:0xfffffffffffffffe txntype:unknown reqpath:/
18:22:39.226 [SyncThread:0] DEBUG org.apache.zookeeper.server.FinalRequestProcessor - sessionid:0x16659354f920001 type:exists cxid:0x2 zxid:0xfffffffffffffffe txntype:unknown reqpath:/
18:22:39.231 [main-SendThread(127.0.0.1:52398)] DEBUG org.apache.zookeeper.ClientCnxn - Reading reply sessionid:0x16659354f920001, packet:: clientPath:null serverPath:null finished:false header:: 2,3  replyHeader:: 2,2,0  request:: '/,F  response:: s{0,0,0,0,0,-1,0,0,0,1,0} 
18:22:39.248 [SyncThread:0] DEBUG org.apache.zookeeper.server.FinalRequestProcessor - Processing request:: sessionid:0x16659354f920001 type:create cxid:0x3 zxid:0x3 txntype:1 reqpath:n/a
18:22:39.251 [SyncThread:0] DEBUG org.apache.zookeeper.server.FinalRequestProcessor - sessionid:0x16659354f920001 type:create cxid:0x3 zxid:0x3 txntype:1 reqpath:n/a
18:22:39.252 [main-SendThread(127.0.0.1:52398)] DEBUG org.apache.zookeeper.ClientCnxn - Reading reply sessionid:0x16659354f920001, packet:: clientPath:null serverPath:null finished:false header:: 3,1  replyHeader:: 3,3,0  request:: '/consumers,,v{s{31,s{'world,'anyone}}},0  response:: '/consumers 
18:22:39.253 [SyncThread:0] DEBUG org.apache.zookeeper.server.FinalRequestProcessor - Processing request:: sessionid:0x16659354f920001 type:exists cxid:0x4 zxid:0xfffffffffffffffe txntype:unknown reqpath:/brokers/ids
18:22:39.253 [SyncThread:0] DEBUG org.apache.zookeeper.server.FinalRequestProcessor - sessionid:0x16659354f920001 type:exists cxid:0x4 zxid:0xfffffffffffffffe txntype:unknown reqpath:/brokers/ids
18:22:39.254 [main-SendThread(127.0.0.1:52398)] DEBUG org.apache.zookeeper.ClientCnxn - Reading reply sessionid:0x16659354f920001, packet:: clientPath:null serverPath:null finished:false header:: 4,3  replyHeader:: 4,3,-101  request:: '/brokers/ids,F  response::  
18:22:39.257 [ProcessThread(sid:0 cport:52398):] INFO org.apache.zookeeper.server.PrepRequestProcessor - Got user-level KeeperException when processing sessionid:0x16659354f920001 type:create cxid:0x5 zxid:0x4 txntype:-1 reqpath:n/a Error Path:/brokers Error:KeeperErrorCode = NoNode for /brokers
18:22:39.260 [SyncThread:0] DEBUG org.apache.zookeeper.server.FinalRequestProcessor - Processing request:: sessionid:0x16659354f920001 type:create cxid:0x5 zxid:0x4 txntype:-1 reqpath:n/a
18:22:39.260 [SyncThread:0] DEBUG org.apache.zookeeper.server.DataTree - Ignoring processTxn failure hdr: -1 : error: -101
18:22:39.262 [main-SendThread(127.0.0.1:52398)] DEBUG org.apache.zookeeper.ClientCnxn - Reading reply sessionid:0x16659354f920001, packet:: clientPath:null serverPath:null finished:false header:: 5,1  replyHeader:: 5,4,-101  request:: '/brokers/ids,,v{s{31,s{'world,'anyone}}},0  response::  
18:22:39.268 [SyncThread:0] DEBUG org.apache.zookeeper.server.FinalRequestProcessor - Processing request:: sessionid:0x16659354f920001 type:create cxid:0x6 zxid:0x5 txntype:1 reqpath:n/a
18:22:39.270 [SyncThread:0] DEBUG org.apache.zookeeper.server.FinalRequestProcessor - sessionid:0x16659354f920001 type:create cxid:0x6 zxid:0x5 txntype:1 reqpath:n/a
18:22:39.271 [main-SendThread(127.0.0.1:52398)] DEBUG org.apache.zookeeper.ClientCnxn - Reading reply sessionid:0x16659354f920001, packet:: clientPath:null serverPath:null finished:false header:: 6,1  replyHeader:: 6,5,0  request:: '/brokers,,v{s{31,s{'world,'anyone}}},0  response:: '/brokers 
18:22:39.274 [SyncThread:0] DEBUG org.apache.zookeeper.server.FinalRequestProcessor - Processing request:: sessionid:0x16659354f920001 type:create cxid:0x7 zxid:0x6 txntype:1 reqpath:n/a
18:22:39.275 [SyncThread:0] DEBUG org.apache.zookeeper.server.FinalRequestProcessor - sessionid:0x16659354f920001 type:create cxid:0x7 zxid:0x6 txntype:1 reqpath:n/a
18:22:39.276 [main-SendThread(127.0.0.1:52398)] DEBUG org.apache.zookeeper.ClientCnxn - Reading reply sessionid:0x16659354f920001, packet:: clientPath:null serverPath:null finished:false header:: 7,1  replyHeader:: 7,6,0  request:: '/brokers/ids,,v{s{31,s{'world,'anyone}}},0  response:: '/brokers/ids 
18:22:39.277 [SyncThread:0] DEBUG org.apache.zookeeper.server.FinalRequestProcessor - Processing request:: sessionid:0x16659354f920001 type:exists cxid:0x8 zxid:0xfffffffffffffffe txntype:unknown reqpath:/brokers/topics
18:22:39.277 [SyncThread:0] DEBUG org.apache.zookeeper.server.FinalRequestProcessor - sessionid:0x16659354f920001 type:exists cxid:0x8 zxid:0xfffffffffffffffe txntype:unknown reqpath:/brokers/topics
18:22:39.278 [main-SendThread(127.0.0.1:52398)] DEBUG org.apache.zookeeper.ClientCnxn - Reading reply sessionid:0x16659354f920001, packet:: clientPath:null serverPath:null finished:false header:: 8,3  replyHeader:: 8,6,-101  request:: '/brokers/topics,F  response::  
18:22:39.282 [SyncThread:0] DEBUG org.apache.zookeeper.server.FinalRequestProcessor - Processing request:: sessionid:0x16659354f920001 type:create cxid:0x9 zxid:0x7 txntype:1 reqpath:n/a
18:22:39.283 [SyncThread:0] DEBUG org.apache.zookeeper.server.FinalRequestProcessor - sessionid:0x16659354f920001 type:create cxid:0x9 zxid:0x7 txntype:1 reqpath:n/a
18:22:39.284 [main-SendThread(127.0.0.1:52398)] DEBUG org.apache.zookeeper.ClientCnxn - Reading reply sessionid:0x16659354f920001, packet:: clientPath:null serverPath:null finished:false header:: 9,1  replyHeader:: 9,7,0  request:: '/brokers/topics,,v{s{31,s{'world,'anyone}}},0  response:: '/brokers/topics 
18:22:39.286 [SyncThread:0] DEBUG org.apache.zookeeper.server.FinalRequestProcessor - Processing request:: sessionid:0x16659354f920001 type:exists cxid:0xa zxid:0xfffffffffffffffe txntype:unknown reqpath:/config/changes
18:22:39.286 [SyncThread:0] DEBUG org.apache.zookeeper.server.FinalRequestProcessor - sessionid:0x16659354f920001 type:exists cxid:0xa zxid:0xfffffffffffffffe txntype:unknown reqpath:/config/changes
18:22:39.287 [main-SendThread(127.0.0.1:52398)] DEBUG org.apache.zookeeper.ClientCnxn - Reading reply sessionid:0x16659354f920001, packet:: clientPath:null serverPath:null finished:false header:: 10,3  replyHeader:: 10,7,-101  request:: '/config/changes,F  response::  
18:22:39.288 [ProcessThread(sid:0 cport:52398):] INFO org.apache.zookeeper.server.PrepRequestProcessor - Got user-level KeeperException when processing sessionid:0x16659354f920001 type:create cxid:0xb zxid:0x8 txntype:-1 reqpath:n/a Error Path:/config Error:KeeperErrorCode = NoNode for /config
18:22:39.291 [SyncThread:0] DEBUG org.apache.zookeeper.server.FinalRequestProcessor - Processing request:: sessionid:0x16659354f920001 type:create cxid:0xb zxid:0x8 txntype:-1 reqpath:n/a
18:22:39.291 [SyncThread:0] DEBUG org.apache.zookeeper.server.DataTree - Ignoring processTxn failure hdr: -1 : error: -101
18:22:39.293 [main-SendThread(127.0.0.1:52398)] DEBUG org.apache.zookeeper.ClientCnxn - Reading reply sessionid:0x16659354f920001, packet:: clientPath:null serverPath:null finished:false header:: 11,1  replyHeader:: 11,8,-101  request:: '/config/changes,,v{s{31,s{'world,'anyone}}},0  response::  
18:22:39.297 [SyncThread:0] DEBUG org.apache.zookeeper.server.FinalRequestProcessor - Processing request:: sessionid:0x16659354f920001 type:create cxid:0xc zxid:0x9 txntype:1 reqpath:n/a
18:22:39.298 [SyncThread:0] DEBUG org.apache.zookeeper.server.FinalRequestProcessor - sessionid:0x16659354f920001 type:create cxid:0xc zxid:0x9 txntype:1 reqpath:n/a
18:22:39.300 [main-SendThread(127.0.0.1:52398)] DEBUG org.apache.zookeeper.ClientCnxn - Reading reply sessionid:0x16659354f920001, packet:: clientPath:null serverPath:null finished:false header:: 12,1  replyHeader:: 12,9,0  request:: '/config,,v{s{31,s{'world,'anyone}}},0  response:: '/config 
18:22:39.305 [SyncThread:0] DEBUG org.apache.zookeeper.server.FinalRequestProcessor - Processing request:: sessionid:0x16659354f920001 type:create cxid:0xd zxid:0xa txntype:1 reqpath:n/a
18:22:39.306 [SyncThread:0] DEBUG org.apache.zookeeper.server.FinalRequestProcessor - sessionid:0x16659354f920001 type:create cxid:0xd zxid:0xa txntype:1 reqpath:n/a
18:22:39.308 [main-SendThread(127.0.0.1:52398)] DEBUG org.apache.zookeeper.ClientCnxn - Reading reply sessionid:0x16659354f920001, packet:: clientPath:null serverPath:null finished:false header:: 13,1  replyHeader:: 13,10,0  request:: '/config/changes,,v{s{31,s{'world,'anyone}}},0  response:: '/config/changes 
18:22:39.310 [SyncThread:0] DEBUG org.apache.zookeeper.server.FinalRequestProcessor - Processing request:: sessionid:0x16659354f920001 type:exists cxid:0xe zxid:0xfffffffffffffffe txntype:unknown reqpath:/config/topics
18:22:39.310 [SyncThread:0] DEBUG org.apache.zookeeper.server.FinalRequestProcessor - sessionid:0x16659354f920001 type:exists cxid:0xe zxid:0xfffffffffffffffe txntype:unknown reqpath:/config/topics
18:22:39.311 [main-SendThread(127.0.0.1:52398)] DEBUG org.apache.zookeeper.ClientCnxn - Reading reply sessionid:0x16659354f920001, packet:: clientPath:null serverPath:null finished:false header:: 14,3  replyHeader:: 14,10,-101  request:: '/config/topics,F  response::  
18:22:39.316 [SyncThread:0] DEBUG org.apache.zookeeper.server.FinalRequestProcessor - Processing request:: sessionid:0x16659354f920001 type:create cxid:0xf zxid:0xb txntype:1 reqpath:n/a
18:22:39.316 [SyncThread:0] DEBUG org.apache.zookeeper.server.FinalRequestProcessor - sessionid:0x16659354f920001 type:create cxid:0xf zxid:0xb txntype:1 reqpath:n/a
18:22:39.317 [main-SendThread(127.0.0.1:52398)] DEBUG org.apache.zookeeper.ClientCnxn - Reading reply sessionid:0x16659354f920001, packet:: clientPath:null serverPath:null finished:false header:: 15,1  replyHeader:: 15,11,0  request:: '/config/topics,,v{s{31,s{'world,'anyone}}},0  response:: '/config/topics 
18:22:39.319 [SyncThread:0] DEBUG org.apache.zookeeper.server.FinalRequestProcessor - Processing request:: sessionid:0x16659354f920001 type:exists cxid:0x10 zxid:0xfffffffffffffffe txntype:unknown reqpath:/config/clients
18:22:39.319 [SyncThread:0] DEBUG org.apache.zookeeper.server.FinalRequestProcessor - sessionid:0x16659354f920001 type:exists cxid:0x10 zxid:0xfffffffffffffffe txntype:unknown reqpath:/config/clients
18:22:39.319 [main-SendThread(127.0.0.1:52398)] DEBUG org.apache.zookeeper.ClientCnxn - Reading reply sessionid:0x16659354f920001, packet:: clientPath:null serverPath:null finished:false header:: 16,3  replyHeader:: 16,11,-101  request:: '/config/clients,F  response::  
18:22:39.329 [SyncThread:0] DEBUG org.apache.zookeeper.server.FinalRequestProcessor - Processing request:: sessionid:0x16659354f920001 type:create cxid:0x11 zxid:0xc txntype:1 reqpath:n/a
18:22:39.330 [SyncThread:0] DEBUG org.apache.zookeeper.server.FinalRequestProcessor - sessionid:0x16659354f920001 type:create cxid:0x11 zxid:0xc txntype:1 reqpath:n/a
18:22:39.331 [main-SendThread(127.0.0.1:52398)] DEBUG org.apache.zookeeper.ClientCnxn - Reading reply sessionid:0x16659354f920001, packet:: clientPath:null serverPath:null finished:false header:: 17,1  replyHeader:: 17,12,0  request:: '/config/clients,,v{s{31,s{'world,'anyone}}},0  response:: '/config/clients 
18:22:39.332 [SyncThread:0] DEBUG org.apache.zookeeper.server.FinalRequestProcessor - Processing request:: sessionid:0x16659354f920001 type:exists cxid:0x12 zxid:0xfffffffffffffffe txntype:unknown reqpath:/admin/delete_topics
18:22:39.332 [SyncThread:0] DEBUG org.apache.zookeeper.server.FinalRequestProcessor - sessionid:0x16659354f920001 type:exists cxid:0x12 zxid:0xfffffffffffffffe txntype:unknown reqpath:/admin/delete_topics
18:22:39.334 [main-SendThread(127.0.0.1:52398)] DEBUG org.apache.zookeeper.ClientCnxn - Reading reply sessionid:0x16659354f920001, packet:: clientPath:null serverPath:null finished:false header:: 18,3  replyHeader:: 18,12,-101  request:: '/admin/delete_topics,F  response::  
18:22:39.335 [ProcessThread(sid:0 cport:52398):] INFO org.apache.zookeeper.server.PrepRequestProcessor - Got user-level KeeperException when processing sessionid:0x16659354f920001 type:create cxid:0x13 zxid:0xd txntype:-1 reqpath:n/a Error Path:/admin Error:KeeperErrorCode = NoNode for /admin
18:22:39.338 [SyncThread:0] DEBUG org.apache.zookeeper.server.FinalRequestProcessor - Processing request:: sessionid:0x16659354f920001 type:create cxid:0x13 zxid:0xd txntype:-1 reqpath:n/a
18:22:39.338 [SyncThread:0] DEBUG org.apache.zookeeper.server.DataTree - Ignoring processTxn failure hdr: -1 : error: -101
18:22:39.339 [main-SendThread(127.0.0.1:52398)] DEBUG org.apache.zookeeper.ClientCnxn - Reading reply sessionid:0x16659354f920001, packet:: clientPath:null serverPath:null finished:false header:: 19,1  replyHeader:: 19,13,-101  request:: '/admin/delete_topics,,v{s{31,s{'world,'anyone}}},0  response::  
18:22:39.343 [SyncThread:0] DEBUG org.apache.zookeeper.server.FinalRequestProcessor - Processing request:: sessionid:0x16659354f920001 type:create cxid:0x14 zxid:0xe txntype:1 reqpath:n/a
18:22:39.344 [SyncThread:0] DEBUG org.apache.zookeeper.server.FinalRequestProcessor - sessionid:0x16659354f920001 type:create cxid:0x14 zxid:0xe txntype:1 reqpath:n/a
18:22:39.345 [main-SendThread(127.0.0.1:52398)] DEBUG org.apache.zookeeper.ClientCnxn - Reading reply sessionid:0x16659354f920001, packet:: clientPath:null serverPath:null finished:false header:: 20,1  replyHeader:: 20,14,0  request:: '/admin,,v{s{31,s{'world,'anyone}}},0  response:: '/admin 
18:22:39.349 [SyncThread:0] DEBUG org.apache.zookeeper.server.FinalRequestProcessor - Processing request:: sessionid:0x16659354f920001 type:create cxid:0x15 zxid:0xf txntype:1 reqpath:n/a
18:22:39.350 [SyncThread:0] DEBUG org.apache.zookeeper.server.FinalRequestProcessor - sessionid:0x16659354f920001 type:create cxid:0x15 zxid:0xf txntype:1 reqpath:n/a
18:22:39.352 [main-SendThread(127.0.0.1:52398)] DEBUG org.apache.zookeeper.ClientCnxn - Reading reply sessionid:0x16659354f920001, packet:: clientPath:null serverPath:null finished:false header:: 21,1  replyHeader:: 21,15,0  request:: '/admin/delete_topics,,v{s{31,s{'world,'anyone}}},0  response:: '/admin/delete_topics 
18:22:39.353 [SyncThread:0] DEBUG org.apache.zookeeper.server.FinalRequestProcessor - Processing request:: sessionid:0x16659354f920001 type:exists cxid:0x16 zxid:0xfffffffffffffffe txntype:unknown reqpath:/brokers/seqid
18:22:39.354 [SyncThread:0] DEBUG org.apache.zookeeper.server.FinalRequestProcessor - sessionid:0x16659354f920001 type:exists cxid:0x16 zxid:0xfffffffffffffffe txntype:unknown reqpath:/brokers/seqid
18:22:39.354 [main-SendThread(127.0.0.1:52398)] DEBUG org.apache.zookeeper.ClientCnxn - Reading reply sessionid:0x16659354f920001, packet:: clientPath:null serverPath:null finished:false header:: 22,3  replyHeader:: 22,15,-101  request:: '/brokers/seqid,F  response::  
18:22:39.359 [SyncThread:0] DEBUG org.apache.zookeeper.server.FinalRequestProcessor - Processing request:: sessionid:0x16659354f920001 type:create cxid:0x17 zxid:0x10 txntype:1 reqpath:n/a
18:22:39.359 [SyncThread:0] DEBUG org.apache.zookeeper.server.FinalRequestProcessor - sessionid:0x16659354f920001 type:create cxid:0x17 zxid:0x10 txntype:1 reqpath:n/a
18:22:39.360 [main-SendThread(127.0.0.1:52398)] DEBUG org.apache.zookeeper.ClientCnxn - Reading reply sessionid:0x16659354f920001, packet:: clientPath:null serverPath:null finished:false header:: 23,1  replyHeader:: 23,16,0  request:: '/brokers/seqid,,v{s{31,s{'world,'anyone}}},0  response:: '/brokers/seqid 
18:22:39.362 [SyncThread:0] DEBUG org.apache.zookeeper.server.FinalRequestProcessor - Processing request:: sessionid:0x16659354f920001 type:exists cxid:0x18 zxid:0xfffffffffffffffe txntype:unknown reqpath:/isr_change_notification
18:22:39.363 [SyncThread:0] DEBUG org.apache.zookeeper.server.FinalRequestProcessor - sessionid:0x16659354f920001 type:exists cxid:0x18 zxid:0xfffffffffffffffe txntype:unknown reqpath:/isr_change_notification
18:22:39.365 [main-SendThread(127.0.0.1:52398)] DEBUG org.apache.zookeeper.ClientCnxn - Reading reply sessionid:0x16659354f920001, packet:: clientPath:null serverPath:null finished:false header:: 24,3  replyHeader:: 24,16,-101  request:: '/isr_change_notification,F  response::  
18:22:39.371 [SyncThread:0] DEBUG org.apache.zookeeper.server.FinalRequestProcessor - Processing request:: sessionid:0x16659354f920001 type:create cxid:0x19 zxid:0x11 txntype:1 reqpath:n/a
18:22:39.371 [SyncThread:0] DEBUG org.apache.zookeeper.server.FinalRequestProcessor - sessionid:0x16659354f920001 type:create cxid:0x19 zxid:0x11 txntype:1 reqpath:n/a
18:22:39.373 [main-SendThread(127.0.0.1:52398)] DEBUG org.apache.zookeeper.ClientCnxn - Reading reply sessionid:0x16659354f920001, packet:: clientPath:null serverPath:null finished:false header:: 25,1  replyHeader:: 25,17,0  request:: '/isr_change_notification,,v{s{31,s{'world,'anyone}}},0  response:: '/isr_change_notification 
18:22:39.375 [SyncThread:0] DEBUG org.apache.zookeeper.server.FinalRequestProcessor - Processing request:: sessionid:0x16659354f920001 type:exists cxid:0x1a zxid:0xfffffffffffffffe txntype:unknown reqpath:/latest_producer_id_block
18:22:39.375 [SyncThread:0] DEBUG org.apache.zookeeper.server.FinalRequestProcessor - sessionid:0x16659354f920001 type:exists cxid:0x1a zxid:0xfffffffffffffffe txntype:unknown reqpath:/latest_producer_id_block
18:22:39.377 [main-SendThread(127.0.0.1:52398)] DEBUG org.apache.zookeeper.ClientCnxn - Reading reply sessionid:0x16659354f920001, packet:: clientPath:null serverPath:null finished:false header:: 26,3  replyHeader:: 26,17,-101  request:: '/latest_producer_id_block,F  response::  
18:22:39.381 [SyncThread:0] DEBUG org.apache.zookeeper.server.FinalRequestProcessor - Processing request:: sessionid:0x16659354f920001 type:create cxid:0x1b zxid:0x12 txntype:1 reqpath:n/a
18:22:39.382 [SyncThread:0] DEBUG org.apache.zookeeper.server.FinalRequestProcessor - sessionid:0x16659354f920001 type:create cxid:0x1b zxid:0x12 txntype:1 reqpath:n/a
18:22:39.383 [main-SendThread(127.0.0.1:52398)] DEBUG org.apache.zookeeper.ClientCnxn - Reading reply sessionid:0x16659354f920001, packet:: clientPath:null serverPath:null finished:false header:: 27,1  replyHeader:: 27,18,0  request:: '/latest_producer_id_block,,v{s{31,s{'world,'anyone}}},0  response:: '/latest_producer_id_block 
[...]
consumer-example\producer-consumer\target\classes;C:\Users\ashru\.m2\repository\org\springframework\boot\spring-boot-starter\2.0.0.RELEASE\spring-boot-starter-2.0.0.RELEASE.jar;C:\Users\ashru\.m2\repository\org\springframework\boot\spring-boot\2.0.0.RELEASE\spring-boot-2.0.0.RELEASE.jar;C:\Users\ashru\.m2\repository\org\springframework\boot\spring-boot-autoconfigure\2.0.0.RELEASE\spring-boot-autoconfigure-2.0.0.RELEASE.jar;C:\Users\ashru\.m2\repository\org\springframework\boot\spring-boot-starter-logging\2.0.0.RELEASE\spring-boot-starter-logging-2.0.0.RELEASE.jar;C:\Users\ashru\.m2\repository\ch\qos\logback\logback-classic\1.2.3\logback-classic-1.2.3.jar;C:\Users\ashru\.m2\repository\ch\qos\logback\logback-core\1.2.3\logback-core-1.2.3.jar;C:\Users\ashru\.m2\repository\org\apache\logging\log4j\log4j-to-slf4j\2.10.0\log4j-to-slf4j-2.10.0.jar;C:\Users\ashru\.m2\repository\org\apache\logging\log4j\log4j-api\2.10.0\log4j-api-2.10.0.jar;C:\Users\ashru\.m2\repository\org\slf4j\jul-to-slf4j\1.7.25\jul-to-slf4j-1.7.25.jar;C:\Users\ashru\.m2\repository\javax\annotation\javax.annotation-api\1.3.2\javax.annotation-api-1.3.2.jar;C:\Users\ashru\.m2\repository\org\springframework\spring-core\5.0.4.RELEASE\spring-core-5.0.4.RELEASE.jar;C:\Users\ashru\.m2\repository\org\springframework\spring-jcl\5.0.4.RELEASE\spring-jcl-5.0.4.RELEASE.jar;C:\Users\ashru\.m2\repository\org\yaml\snakeyaml\1.19\snakeyaml-1.19.jar;C:\Users\ashru\.m2\repository\org\springframework\kafka\spring-kafka\2.1.4.RELEASE\spring-kafka-2.1.4.RELEASE.jar;C:\Users\ashru\.m2\repository\org\springframework\spring-context\5.0.4.RELEASE\spring-context-5.0.4.RELEASE.jar;C:\Users\ashru\.m2\repository\org\springframework\spring-aop\5.0.4.RELEASE\spring-aop-5.0.4.RELEASE.jar;C:\Users\ashru\.m2\repository\org\springframework\spring-beans\5.0.4.RELEASE\spring-beans-5.0.4.RELEASE.jar;C:\Users\ashru\.m2\repository\org\springframework\spring-expression\5.0.4.RELEASE\spring-expression-5.0.4.RELEASE.jar;C:\Users\ashru\.m2\repository\org\springframework\spring-messaging\5.0.4.RELEASE\spring-messaging-5.0.4.RELEASE.jar;C:\Users\ashru\.m2\repository\org\springframework\spring-tx\5.0.4.RELEASE\spring-tx-5.0.4.RELEASE.jar;C:\Users\ashru\.m2\repository\org\springframework\retry\spring-retry\1.2.2.RELEASE\spring-retry-1.2.2.RELEASE.jar;C:\Users\ashru\.m2\repository\org\apache\kafka\kafka-clients\1.0.0\kafka-clients-1.0.0.jar;C:\Users\ashru\.m2\repository\org\lz4\lz4-java\1.4\lz4-java-1.4.jar;C:\Users\ashru\.m2\repository\org\xerial\snappy\snappy-java\1.1.4\snappy-java-1.1.4.jar;C:\Users\ashru\.m2\repository\org\springframework\boot\spring-boot-starter-test\2.0.0.RELEASE\spring-boot-starter-test-2.0.0.RELEASE.jar;C:\Users\ashru\.m2\repository\org\springframework\boot\spring-boot-test\2.0.0.RELEASE\spring-boot-test-2.0.0.RELEASE.jar;C:\Users\ashru\.m2\repository\org\springframework\boot\spring-boot-test-autoconfigure\2.0.0.RELEASE\spring-boot-test-autoconfigure-2.0.0.RELEASE.jar;C:\Users\ashru\.m2\repository\com\jayway\jsonpath\json-path\2.4.0\json-path-2.4.0.jar;C:\Users\ashru\.m2\repository\net\minidev\json-smart\2.3\json-smart-2.3.jar;C:\Users\ashru\.m2\repository\net\minidev\accessors-smart\1.2\accessors-smart-1.2.jar;C:\Users\ashru\.m2\repository\org\ow2\asm\asm\5.0.4\asm-5.0.4.jar;C:\Users\ashru\.m2\repository\org\slf4j\slf4j-api\1.7.25\slf4j-api-1.7.25.jar;C:\Users\ashru\.m2\repository\junit\junit\4.12\junit-4.12.jar;C:\Users\ashru\.m2\repository\org\assertj\assertj-core\3.9.1\assertj-core-3.9.1.jar;C:\Users\ashru\.m2\repository\org\mockito\mockito-core\2.15.0\mockito-core-2.15.0.jar;C:\Users\ashru\.m2\repository\net\bytebuddy\byte-buddy\1.7.10\byte-buddy-1.7.10.jar;C:\Users\ashru\.m2\repository\net\bytebuddy\byte-buddy-agent\1.7.10\byte-buddy-agent-1.7.10.jar;C:\Users\ashru\.m2\repository\org\objenesis\objenesis\2.6\objenesis-2.6.jar;C:\Users\ashru\.m2\repository\org\hamcrest\hamcrest-core\1.3\hamcrest-core-1.3.jar;C:\Users\ashru\.m2\repository\org\hamcrest\hamcrest-library\1.3\hamcrest-library-1.3.jar;C:\Users\ashru\.m2\repository\org\skyscreamer\jsonassert\1.5.0\jsonassert-1.5.0.jar;C:\Users\ashru\.m2\repository\com\vaadin\external\google\android-json\0.0.20131108.vaadin1\android-json-0.0.20131108.vaadin1.jar;C:\Users\ashru\.m2\repository\org\springframework\spring-test\5.0.4.RELEASE\spring-test-5.0.4.RELEASE.jar;C:\Users\ashru\.m2\repository\org\xmlunit\xmlunit-core\2.5.1\xmlunit-core-2.5.1.jar;C:\Users\ashru\.m2\repository\org\springframework\kafka\spring-kafka-test\2.1.4.RELEASE\spring-kafka-test-2.1.4.RELEASE.jar;C:\Users\ashru\.m2\repository\org\apache\kafka\kafka-clients\1.0.0\kafka-clients-1.0.0-test.jar;C:\Users\ashru\.m2\repository\org\apache\kafka\kafka_2.11\1.0.0\kafka_2.11-1.0.0.jar;C:\Users\ashru\.m2\repository\com\fasterxml\jackson\core\jackson-databind\2.9.4\jackson-databind-2.9.4.jar;C:\Users\ashru\.m2\repository\com\fasterxml\jackson\core\jackson-annotations\2.9.0\jackson-annotations-2.9.0.jar;C:\Users\ashru\.m2\repository\com\fasterxml\jackson\core\jackson-core\2.9.4\jackson-core-2.9.4.jar;C:\Users\ashru\.m2\repository\net\sf\jopt-simple\jopt-simple\5.0.4\jopt-simple-5.0.4.jar;C:\Users\ashru\.m2\repository\com\yammer\metrics\metrics-core\2.2.0\metrics-core-2.2.0.jar;C:\Users\ashru\.m2\repository\org\scala-lang\scala-library\2.11.11\scala-library-2.11.11.jar;C:\Users\ashru\.m2\repository\com\101tec\zkclient\0.10\zkclient-0.10.jar;C:\Users\ashru\.m2\repository\org\apache\zookeeper\zookeeper\3.4.10\zookeeper-3.4.10.jar;C:\Users\ashru\.m2\repository\log4j\log4j\1.2.16\log4j-1.2.16.jar;C:\Users\ashru\.m2\repository\org\apache\kafka\kafka_2.11\1.0.0\kafka_2.11-1.0.0-test.jar;, spring.embedded.zookeeper.connect=127.0.0.1:52398, java.specification.name=Java Platform API Specification, java.class.version=52.0, sun.management.compiler=HotSpot Client Compiler, os.version=10.0, user.home=C:\Users\ashru, user.timezone=Asia/Muscat, java.awt.printerjob=sun.awt.windows.WPrinterJob, file.encoding=Cp1252, java.specification.version=1.8, java.class.path=C:\Firebase\spring-kafka-producer-consumer-example\producer-consumer\target\test-classes;C:\Firebase\spring-kafka-producer-consumer-example\producer-consumer\target\classes;C:\Users\ashru\.m2\repository\org\springframework\boot\spring-boot-starter\2.0.0.RELEASE\spring-boot-starter-2.0.0.RELEASE.jar;C:\Users\ashru\.m2\repository\org\springframework\boot\spring-boot\2.0.0.RELEASE\spring-boot-2.0.0.RELEASE.jar;C:\Users\ashru\.m2\repository\org\springframework\boot\spring-boot-autoconfigure\2.0.0.RELEASE\spring-boot-autoconfigure-2.0.0.RELEASE.jar;C:\Users\ashru\.m2\repository\org\springframework\boot\spring-boot-starter-logging\2.0.0.RELEASE\spring-boot-starter-logging-2.0.0.RELEASE.jar;C:\Users\ashru\.m2\repository\ch\qos\logback\logback-classic\1.2.3\logback-classic-1.2.3.jar;C:\Users\ashru\.m2\repository\ch\qos\logback\logback-core\1.2.3\logback-core-1.2.3.jar;C:\Users\ashru\.m2\repository\org\apache\logging\log4j\log4j-to-slf4j\2.10.0\log4j-to-slf4j-2.10.0.jar;C:\Users\ashru\.m2\repository\org\apache\logging\log4j\log4j-api\2.10.0\log4j-api-2.10.0.jar;C:\Users\ashru\.m2\repository\org\slf4j\jul-to-slf4j\1.7.25\jul-to-slf4j-1.7.25.jar;C:\Users\ashru\.m2\repository\javax\annotation\javax.annotation-api\1.3.2\javax.annotation-api-1.3.2.jar;C:\Users\ashru\.m2\repository\org\springframework\spring-core\5.0.4.RELEASE\spring-core-5.0.4.RELEASE.jar;C:\Users\ashru\.m2\repository\org\springframework\spring-jcl\5.0.4.RELEASE\spring-jcl-5.0.4.RELEASE.jar;C:\Users\ashru\.m2\repository\org\yaml\snakeyaml\1.19\snakeyaml-1.19.jar;C:\Users\ashru\.m2\repository\org\springframework\kafka\spring-kafka\2.1.4.RELEASE\spring-kafka-2.1.4.RELEASE.jar;C:\Users\ashru\.m2\repository\org\springframework\spring-context\5.0.4.RELEASE\spring-context-5.0.4.RELEASE.jar;C:\Users\ashru\.m2\repository\org\springframework\spring-aop\5.0.4.RELEASE\spring-aop-5.0.4.RELEASE.jar;C:\Users\ashru\.m2\repository\org\springframework\spring-beans\5.0.4.RELEASE\spring-beans-5.0.4.RELEASE.jar;C:\Users\ashru\.m2\repository\org\springframework\spring-expression\5.0.4.RELEASE\spring-expression-5.0.4.RELEASE.jar;C:\Users\ashru\.m2\repository\org\springframework\spring-messaging\5.0.4.RELEASE\spring-messaging-5.0.4.RELEASE.jar;C:\Users\ashru\.m2\repository\org\springframework\spring-tx\5.0.4.RELEASE\spring-tx-5.0.4.RELEASE.jar;C:\Users\ashru\.m2\repository\org\springframework\retry\spring-retry\1.2.2.RELEASE\spring-retry-1.2.2.RELEASE.jar;C:\Users\ashru\.m2\repository\org\apache\kafka\kafka-clients\1.0.0\kafka-clients-1.0.0.jar;C:\Users\ashru\.m2\repository\org\lz4\lz4-java\1.4\lz4-java-1.4.jar;C:\Users\ashru\.m2\repository\org\xerial\snappy\snappy-java\1.1.4\snappy-java-1.1.4.jar;C:\Users\ashru\.m2\repository\org\springframework\boot\spring-boot-starter-test\2.0.0.RELEASE\spring-boot-starter-test-2.0.0.RELEASE.jar;C:\Users\ashru\.m2\repository\org\springframework\boot\spring-boot-test\2.0.0.RELEASE\spring-boot-test-2.0.0.RELEASE.jar;C:\Users\ashru\.m2\repository\org\springframework\boot\spring-boot-test-autoconfigure\2.0.0.RELEASE\spring-boot-test-autoconfigure-2.0.0.RELEASE.jar;C:\Users\ashru\.m2\repository\com\jayway\jsonpath\json-path\2.4.0\json-path-2.4.0.jar;C:\Users\ashru\.m2\repository\net\minidev\json-smart\2.3\json-smart-2.3.jar;C:\Users\ashru\.m2\repository\net\minidev\accessors-smart\1.2\accessors-smart-1.2.jar;C:\Users\ashru\.m2\repository\org\ow2\asm\asm\5.0.4\asm-5.0.4.jar;C:\Users\ashru\.m2\repository\org\slf4j\slf4j-api\1.7.25\slf4j-api-1.7.25.jar;C:\Users\ashru\.m2\repository\junit\junit\4.12\junit-4.12.jar;C:\Users\ashru\.m2\repository\org\assertj\assertj-core\3.9.1\assertj-core-3.9.1.jar;C:\Users\ashru\.m2\repository\org\mockito\mockito-core\2.15.0\mockito-core-2.15.0.jar;C:\Users\ashru\.m2\repository\net\bytebuddy\byte-buddy\1.7.10\byte-buddy-1.7.10.jar;C:\Users\ashru\.m2\repository\net\bytebuddy\byte-buddy-agent\1.7.10\byte-buddy-agent-1.7.10.jar;C:\Users\ashru\.m2\repository\org\objenesis\objenesis\2.6\objenesis-2.6.jar;C:\Users\ashru\.m2\repository\org\hamcrest\hamcrest-core\1.3\hamcrest-core-1.3.jar;C:\Users\ashru\.m2\repository\org\hamcrest\hamcrest-library\1.3\hamcrest-library-1.3.jar;C:\Users\ashru\.m2\repository\org\skyscreamer\jsonassert\1.5.0\jsonassert-1.5.0.jar;C:\Users\ashru\.m2\repository\com\vaadin\external\google\android-json\0.0.20131108.vaadin1\android-json-0.0.20131108.vaadin1.jar;C:\Users\ashru\.m2\repository\org\springframework\spring-test\5.0.4.RELEASE\spring-test-5.0.4.RELEASE.jar;C:\Users\ashru\.m2\repository\org\xmlunit\xmlunit-core\2.5.1\xmlunit-core-2.5.1.jar;C:\Users\ashru\.m2\repository\org\springframework\kafka\spring-kafka-test\2.1.4.RELEASE\spring-kafka-test-2.1.4.RELEASE.jar;C:\Users\ashru\.m2\repository\org\apache\kafka\kafka-clients\1.0.0\kafka-clients-1.0.0-test.jar;C:\Users\ashru\.m2\repository\org\apache\kafka\kafka_2.11\1.0.0\kafka_2.11-1.0.0.jar;C:\Users\ashru\.m2\repository\com\fasterxml\jackson\core\jackson-databind\2.9.4\jackson-databind-2.9.4.jar;C:\Users\ashru\.m2\repository\com\fasterxml\jackson\core\jackson-annotations\2.9.0\jackson-annotations-2.9.0.jar;C:\Users\ashru\.m2\repository\com\fasterxml\jackson\core\jackson-core\2.9.4\jackson-core-2.9.4.jar;C:\Users\ashru\.m2\repository\net\sf\jopt-simple\jopt-simple\5.0.4\jopt-simple-5.0.4.jar;C:\Users\ashru\.m2\repository\com\yammer\metrics\metrics-core\2.2.0\metrics-core-2.2.0.jar;C:\Users\ashru\.m2\repository\org\scala-lang\scala-library\2.11.11\scala-library-2.11.11.jar;C:\Users\ashru\.m2\repository\com\101tec\zkclient\0.10\zkclient-0.10.jar;C:\Users\ashru\.m2\repository\org\apache\zookeeper\zookeeper\3.4.10\zookeeper-3.4.10.jar;C:\Users\ashru\.m2\repository\log4j\log4j\1.2.16\log4j-1.2.16.jar;C:\Users\ashru\.m2\repository\org\apache\kafka\kafka_2.11\1.0.0\kafka_2.11-1.0.0-test.jar;, user.name=ashru, java.vm.specification.version=1.8, sun.java.command=C:\Users\ashru\AppData\Local\Temp\surefire8504665249565219306\surefirebooter2514368698823662589.jar C:\Users\ashru\AppData\Local\Temp\surefire8504665249565219306 2018-10-09T18-22-30_501-jvmRun1 surefire6096623395111276452tmp surefire_03957771889454204232tmp, java.home=C:\Program Files (x86)\Java\jdk1.8.0_181\jre, sun.arch.data.model=32, user.language=en, java.specification.vendor=Oracle Corporation, awt.toolkit=sun.awt.windows.WToolkit, java.vm.info=mixed mode, sharing, java.version=1.8.0_181, java.ext.dirs=C:\Program Files (x86)\Java\jdk1.8.0_181\jre\lib\ext;C:\WINDOWS\Sun\Java\lib\ext, sun.boot.class.path=C:\Program Files (x86)\Java\jdk1.8.0_181\jre\lib\resources.jar;C:\Program Files (x86)\Java\jdk1.8.0_181\jre\lib\rt.jar;C:\Program Files (x86)\Java\jdk1.8.0_181\jre\lib\sunrsasign.jar;C:\Program Files (x86)\Java\jdk1.8.0_181\jre\lib\jsse.jar;C:\Program Files (x86)\Java\jdk1.8.0_181\jre\lib\jce.jar;C:\Program Files (x86)\Java\jdk1.8.0_181\jre\lib\charsets.jar;C:\Program Files (x86)\Java\jdk1.8.0_181\jre\lib\jfr.jar;C:\Program Files (x86)\Java\jdk1.8.0_181\jre\classes, java.vendor=Oracle Corporation, localRepository=C:\Users\ashru\.m2\repository, file.separator=\, java.vendor.url.bug=http://bugreport.sun.com/bugreport/, sun.io.unicode.encoding=UnicodeLittle, sun.cpu.endian=little, sun.desktop=windows, spring.embedded.kafka.brokers=127.0.0.1:52413, sun.cpu.isalist=pentium_pro+mmx pentium_pro pentium+mmx pentium i486 i386 i86}}, SystemEnvironmentPropertySource@27943411 {name='systemEnvironment', properties={PATH=C:\Program Files (x86)\Common Files\Oracle\Java\javapath;C:\ProgramData\Oracle\Java\javapath;C:\PROGRAM FILES (X86)\LENOVO\FUSIONENGINE;C:\WINDOWS\SYSTEM32;C:\WINDOWS;C:\WINDOWS\SYSTEM32\WBEM;C:\WINDOWS\SYSTEM32\WINDOWSPOWERSHELL\V1.0\;C:\PROGRAM FILES (X86)\COMMON FILES\LENOVO\EASYPLUSSDK\BIN;C:\Program Files\Lenovo\Bluetooth Software\;C:\Program Files\Lenovo\Bluetooth Software\syswow64;C:\Program Files (x86)\Java\jdk1.8.0_181\bin;C:\WINDOWS\system32;C:\WINDOWS;C:\WINDOWS\System32\Wbem;C:\WINDOWS\System32\WindowsPowerShell\v1.0\;C:\apache-maven-3.5.0\bin;C:\apache-maven-3.5.0\bin;C:\spring-1.5.6.RELEASE\bin;C:\apache-tomcat-8.5.20\bin;C:\WINDOWS\System32\OpenSSH\;C:\Softwares\nodejs;C:\Python\Python37;C:\Program Files\Cloud Foundry;C:\Program Files\Git\cmd;C:\Program Files\PuTTY\;C:\Program Files\dotnet\;C:\Softwares\codes\MobileOnboarding-61c63b06c16b.json;C:\Users\ashru\AppData\Local\Microsoft\WindowsApps;C:\gradle-4.0\bin;C:\Program Files\Docker Toolbox;C:\Users\ashru\AppData\Local\Google\Cloud SDK\google-cloud-sdk\bin;C:\Users\ashru\AppData\Local\Programs\Microsoft VS Code\bin, USERDOMAIN_ROAMINGPROFILE=ASHRUJITPC, NO_PROXY=192.168.99.100, PROCESSOR_LEVEL=6, SYSTEMDRIVE=C:, SESSIONNAME=Console, ALLUSERSPROFILE=C:\ProgramData, PROCESSOR_ARCHITECTURE=x86, DRIVERDATA=C:\Windows\System32\Drivers\DriverData, MAVEN_HOME=C:\apache-maven-3.5.0\bin\.., PROGRAMFILES=C:\Program Files (x86), TVT=C:\Program Files (x86)\Lenovo, PSMODULEPATH=;C:\Users\ashru\AppData\Local\Google\Cloud SDK\google-cloud-sdk\platform\PowerShell, PROGRAMDATA=C:\ProgramData, USERNAME=ashru, WDIR=C:\, FPS_BROWSER_USER_PROFILE_STRING=Default, ONEDRIVE=C:\Users\ashru\OneDrive, CONFIGSETROOT=C:\WINDOWS\ConfigSetRoot, PATHEXT=.COM;.EXE;.BAT;.CMD;.VBS;.VBE;.JS;.JSE;.WSF;.WSH;.MSC, COMPOSE_CONVERT_WINDOWS_PATHS=true, PROCESSOR_ARCHITEW6432=AMD64, CLASSWORLDS_JAR="C:\apache-maven-3.5.0\bin\..\boot\plexus-classworlds-2.5.2.jar", WINDIR=C:\WINDOWS, HOMEPATH=\Users\ashru, SPRING_HOME=C:\spring-1.5.6.RELEASE, PROCESSOR_IDENTIFIER=Intel64 Family 6 Model 61 Stepping 4, GenuineIntel, M2_HOME=C:\apache-maven-3.5.0, PUBLIC=C:\Users\Public, =::=::\, =EXITCODE=00000001, LOCALAPPDATA=C:\Users\ashru\AppData\Local, COMMONPROGRAMFILES(X86)=C:\Program Files (x86)\Common Files, DOCKER_HOST=tcp://192.168.99.100:2376, USERDOMAIN=ASHRUJITPC, FPS_BROWSER_APP_PROFILE_STRING=Internet Explorer, LOGONSERVER=\\ASHRUJITPC, JAVA_HOME=C:\Program Files (x86)\Java\jdk1.8.0_181, PROMPT=$P$G, PROGRAMFILES(X86)=C:\Program Files (x86), GOOGLE_APPLICATION_CREDENTIALS=C:\Softwares\codes\MobileOnboarding-61c63b06c16b.json, ERROR_CODE=0, EXEC_DIR=C:\Firebase\spring-kafka-producer-consumer-example\producer-consumer, =C:=C:\Firebase\spring-kafka-producer-consumer-example\producer-consumer, APPDATA=C:\Users\ashru\AppData\Roaming, DOCKER_MACHINE_NAME=default, DOCKER_CERT_PATH=C:\Users\ashru\.docker\machine\machines\default, PROGRAMW6432=C:\Program Files, NODEJS=C:\Softwares\nodejs, SYSTEMROOT=C:\WINDOWS, MAVEN_CMD_LINE_ARGS=install, VBOX_MSI_INSTALL_PATH=C:\Program Files\Oracle\VirtualBox\, DOCKER_ID_USER=ashrujitpal, OS=Windows_NT, COMMONPROGRAMW6432=C:\Program Files\Common Files, COMPUTERNAME=ASHRUJITPC, COMMONPROGRAMFILES=C:\Program Files (x86)\Common Files, COMSPEC=C:\WINDOWS\system32\cmd.exe, CATALINA_HOME=C:\apache-tomcat-8.5.20, JAVACMD=C:\Program Files (x86)\Java\jdk1.8.0_181\bin\java.exe, MAVEN_PROJECTBASEDIR=C:\Firebase\spring-kafka-producer-consumer-example\producer-consumer, PROCESSOR_REVISION=3d04, CLASSWORLDS_LAUNCHER=org.codehaus.plexus.classworlds.launcher.Launcher, DOCKER_TLS_VERIFY=1, TEMP=C:\Users\ashru\AppData\Local\Temp, HOMEDRIVE=C:, USERPROFILE=C:\Users\ashru, TMP=C:\Users\ashru\AppData\Local\Temp, NUMBER_OF_PROCESSORS=4, JVMCONFIG=\.mvn\jvm.config, DOCKER_TOOLBOX_INSTALL_PATH=C:\Program Files\Docker Toolbox}}]
18:22:42.449 [main] DEBUG org.springframework.test.context.support.TestPropertySourceUtils - Adding inlined properties to environment: {spring.jmx.enabled=false, org.springframework.boot.test.context.SpringBootTestContextBootstrapper=true, server.port=-1}
18:22:42.449 [main] DEBUG org.springframework.core.env.StandardEnvironment - Adding PropertySource 'Inlined Test Properties' with highest search precedence

  .   ____          _            __ _ _
 /\\ / ___'_ __ _ _(_)_ __  __ _ \ \ \ \
( ( )\___ | '_ | '_| | '_ \/ _` | \ \ \ \
 \\/  ___)| |_)| | | | | || (_| |  ) ) ) )
  '  |____| .__|_| |_|_| |_\__, | / / / /
 =========|_|==============|___/=/_/_/_/
 :: Spring Boot ::        (v2.0.0.RELEASE)

2018-10-09 18:22:43.310  INFO 1108 --- [           main] c.m.kafka.SpringKafkaSenderTest          : Starting SpringKafkaSenderTest on AshrujitPC with PID 1108 (started by ashru in C:\Firebase\spring-kafka-producer-consumer-example\producer-consumer)
2018-10-09 18:22:43.315 DEBUG 1108 --- [           main] c.m.kafka.SpringKafkaSenderTest          : Running with Spring Boot v2.0.0.RELEASE, Spring v5.0.4.RELEASE
2018-10-09 18:22:43.316  INFO 1108 --- [           main] c.m.kafka.SpringKafkaSenderTest          : No active profile set, falling back to default profiles: default
2018-10-09 18:22:47.164  INFO 1108 --- [           main] c.m.kafka.SpringKafkaSenderTest          : Started SpringKafkaSenderTest in 4.705 seconds (JVM running for 16.013)
2018-10-09 18:22:47.175  INFO 1108 --- [           main] c.memorynotfound.kafka.producer.Sender   : sending message='Spring Kafka Producer and Consumer Example' to topic='foo.t'
2018-10-09 18:22:47.290  WARN 1108 --- [ntainer#0-0-C-1] org.apache.kafka.clients.NetworkClient   : [Consumer clientId=consumer-1, groupId=foo] Error while fetching metadata with correlation id 2 : {foo.t=LEADER_NOT_AVAILABLE}
2018-10-09 18:22:47.419  WARN 1108 --- [ad | producer-1] org.apache.kafka.clients.NetworkClient   : [Producer clientId=producer-1] Error while fetching metadata with correlation id 1 : {foo.t=LEADER_NOT_AVAILABLE}
2018-10-09 18:22:47.435  WARN 1108 --- [ntainer#0-0-C-1] org.apache.kafka.clients.NetworkClient   : [Consumer clientId=consumer-1, groupId=foo] Error while fetching metadata with correlation id 4 : {foo.t=LEADER_NOT_AVAILABLE}
2018-10-09 18:22:49.236  INFO 1108 --- [ntainer#0-0-C-1] c.m.kafka.consumer.Receiver              : received message='Spring Kafka Producer and Consumer Example'
2018-10-09 18:22:49.246  INFO 1108 --- [           main] c.memorynotfound.kafka.producer.Sender   : sending message='Hello Spring Kafka Sender!' to topic='foo.t'
2018-10-09 18:22:49.271  INFO 1108 --- [ntainer#0-0-C-1] c.m.kafka.consumer.Receiver              : received message='Hello Spring Kafka Sender!'
]]></system-out>
  </testcase>
</testsuite>